0 info it worked if it ends with ok
1 verbose cli [ 'C:\\Program Files\\nodejs\\node.exe',
1 verbose cli   'C:\\Program Files\\nodejs\\node_modules\\npm\\bin\\npm-cli.js',
1 verbose cli   'install',
1 verbose cli   'onoff' ]
2 info using npm@3.10.10
3 info using node@v6.11.2
4 silly loadCurrentTree Starting
5 silly install loadCurrentTree
6 silly install readLocalPackageData
7 silly fetchPackageMetaData onoff
8 silly fetchNamedPackageData onoff
9 silly mapToRegistry name onoff
10 silly mapToRegistry using default registry
11 silly mapToRegistry registry https://registry.npmjs.org/
12 silly mapToRegistry data Result {
12 silly mapToRegistry   raw: 'onoff',
12 silly mapToRegistry   scope: null,
12 silly mapToRegistry   escapedName: 'onoff',
12 silly mapToRegistry   name: 'onoff',
12 silly mapToRegistry   rawSpec: '',
12 silly mapToRegistry   spec: 'latest',
12 silly mapToRegistry   type: 'tag' }
13 silly mapToRegistry uri https://registry.npmjs.org/onoff
14 verbose request uri https://registry.npmjs.org/onoff
15 verbose request no auth needed
16 info attempt registry request try #1 at 7:38:41 AM
17 verbose request id 22e33ab6b48805a8
18 http request GET https://registry.npmjs.org/onoff
19 http 200 https://registry.npmjs.org/onoff
20 verbose headers { server: 'nginx/1.10.3',
20 verbose headers   'content-type': 'application/json',
20 verbose headers   'last-modified': 'Sat, 02 Sep 2017 02:06:31 GMT',
20 verbose headers   etag: 'W/"59aa1227-c29f"',
20 verbose headers   'content-encoding': 'gzip',
20 verbose headers   'cache-control': 'max-age=300',
20 verbose headers   'content-length': '9095',
20 verbose headers   'accept-ranges': 'bytes',
20 verbose headers   date: 'Sun, 10 Sep 2017 14:38:44 GMT',
20 verbose headers   via: '1.1 varnish',
20 verbose headers   age: '0',
20 verbose headers   connection: 'keep-alive',
20 verbose headers   'x-served-by': 'cache-sin18033-SIN',
20 verbose headers   'x-cache': 'MISS',
20 verbose headers   'x-cache-hits': '0',
20 verbose headers   'x-timer': 'S1505054324.259212,VS0,VE205',
20 verbose headers   vary: 'Accept-Encoding, Accept' }
21 silly get cb [ 200,
21 silly get   { server: 'nginx/1.10.3',
21 silly get     'content-type': 'application/json',
21 silly get     'last-modified': 'Sat, 02 Sep 2017 02:06:31 GMT',
21 silly get     etag: 'W/"59aa1227-c29f"',
21 silly get     'content-encoding': 'gzip',
21 silly get     'cache-control': 'max-age=300',
21 silly get     'content-length': '9095',
21 silly get     'accept-ranges': 'bytes',
21 silly get     date: 'Sun, 10 Sep 2017 14:38:44 GMT',
21 silly get     via: '1.1 varnish',
21 silly get     age: '0',
21 silly get     connection: 'keep-alive',
21 silly get     'x-served-by': 'cache-sin18033-SIN',
21 silly get     'x-cache': 'MISS',
21 silly get     'x-cache-hits': '0',
21 silly get     'x-timer': 'S1505054324.259212,VS0,VE205',
21 silly get     vary: 'Accept-Encoding, Accept' } ]
22 verbose get saving onoff to C:\Users\Aqib Saleem\AppData\Roaming\npm-cache\registry.npmjs.org\onoff\.cache.json
23 verbose correctMkdir C:\Users\Aqib Saleem\AppData\Roaming\npm-cache correctMkdir not in flight; initializing
24 silly install normalizeTree
25 silly loadCurrentTree Finishing
26 silly loadIdealTree Starting
27 silly install loadIdealTree
28 silly cloneCurrentTree Starting
29 silly install cloneCurrentTreeToIdealTree
30 silly cloneCurrentTree Finishing
31 silly loadShrinkwrap Starting
32 silly install loadShrinkwrap
33 silly loadShrinkwrap Finishing
34 silly loadAllDepsIntoIdealTree Starting
35 silly install loadAllDepsIntoIdealTree
36 silly resolveWithNewModule onoff@1.1.7 checking installable status
37 silly cache add args [ 'onoff', null ]
38 verbose cache add spec onoff
39 silly cache add parsed spec Result {
39 silly cache add   raw: 'onoff',
39 silly cache add   scope: null,
39 silly cache add   escapedName: 'onoff',
39 silly cache add   name: 'onoff',
39 silly cache add   rawSpec: '',
39 silly cache add   spec: 'latest',
39 silly cache add   type: 'tag' }
40 silly addNamed onoff@latest
41 verbose addNamed "latest" is being treated as a dist-tag for onoff
42 info addNameTag [ 'onoff', 'latest' ]
43 silly mapToRegistry name onoff
44 silly mapToRegistry using default registry
45 silly mapToRegistry registry https://registry.npmjs.org/
46 silly mapToRegistry data Result {
46 silly mapToRegistry   raw: 'onoff',
46 silly mapToRegistry   scope: null,
46 silly mapToRegistry   escapedName: 'onoff',
46 silly mapToRegistry   name: 'onoff',
46 silly mapToRegistry   rawSpec: '',
46 silly mapToRegistry   spec: 'latest',
46 silly mapToRegistry   type: 'tag' }
47 silly mapToRegistry uri https://registry.npmjs.org/onoff
48 verbose addNameTag registry:https://registry.npmjs.org/onoff not in flight; fetching
49 verbose get https://registry.npmjs.org/onoff not expired, no request
50 silly addNameTag next cb for onoff with tag latest
51 silly addNamed onoff@1.1.7
52 verbose addNamed "1.1.7" is a plain semver version for onoff
53 silly mapToRegistry name onoff
54 silly mapToRegistry using default registry
55 silly mapToRegistry registry https://registry.npmjs.org/
56 silly mapToRegistry data Result {
56 silly mapToRegistry   raw: 'onoff',
56 silly mapToRegistry   scope: null,
56 silly mapToRegistry   escapedName: 'onoff',
56 silly mapToRegistry   name: 'onoff',
56 silly mapToRegistry   rawSpec: '',
56 silly mapToRegistry   spec: 'latest',
56 silly mapToRegistry   type: 'tag' }
57 silly mapToRegistry uri https://registry.npmjs.org/onoff
58 verbose addRemoteTarball https://registry.npmjs.org/onoff/-/onoff-1.1.7.tgz not in flight; adding
59 verbose addRemoteTarball [ 'https://registry.npmjs.org/onoff/-/onoff-1.1.7.tgz',
59 verbose addRemoteTarball   '91928795bcb5e902fe7551bd7bb2551d9ba76482' ]
60 info retry fetch attempt 1 at 7:38:42 AM
61 info attempt registry request try #1 at 7:38:42 AM
62 http fetch GET https://registry.npmjs.org/onoff/-/onoff-1.1.7.tgz
63 http fetch 200 https://registry.npmjs.org/onoff/-/onoff-1.1.7.tgz
64 silly fetchAndShaCheck shasum 91928795bcb5e902fe7551bd7bb2551d9ba76482
65 verbose addTmpTarball C:\Users\AQIBSA~1\AppData\Local\Temp\npm-10660-b3d5dd7a\registry.npmjs.org\onoff\-\onoff-1.1.7.tgz not in flight; adding
66 verbose addTmpTarball already have metadata; skipping unpack for onoff@1.1.7
67 verbose correctMkdir C:\Users\Aqib Saleem\AppData\Roaming\npm-cache correctMkdir not in flight; initializing
68 silly cache afterAdd onoff@1.1.7
69 verbose afterAdd C:\Users\Aqib Saleem\AppData\Roaming\npm-cache\onoff\1.1.7\package\package.json not in flight; writing
70 verbose correctMkdir C:\Users\Aqib Saleem\AppData\Roaming\npm-cache correctMkdir not in flight; initializing
71 verbose afterAdd C:\Users\Aqib Saleem\AppData\Roaming\npm-cache\onoff\1.1.7\package\package.json written
72 silly fetchNamedPackageData epoll
73 silly mapToRegistry name epoll
74 silly mapToRegistry using default registry
75 silly mapToRegistry registry https://registry.npmjs.org/
76 silly mapToRegistry data Result {
76 silly mapToRegistry   raw: 'epoll',
76 silly mapToRegistry   scope: null,
76 silly mapToRegistry   escapedName: 'epoll',
76 silly mapToRegistry   name: 'epoll',
76 silly mapToRegistry   rawSpec: '',
76 silly mapToRegistry   spec: 'latest',
76 silly mapToRegistry   type: 'tag' }
77 silly mapToRegistry uri https://registry.npmjs.org/epoll
78 verbose request uri https://registry.npmjs.org/epoll
79 verbose request no auth needed
80 info attempt registry request try #1 at 7:38:43 AM
81 http request GET https://registry.npmjs.org/epoll
82 http 200 https://registry.npmjs.org/epoll
83 verbose headers { server: 'nginx/1.10.3',
83 verbose headers   'content-type': 'application/json',
83 verbose headers   'last-modified': 'Sun, 18 Jun 2017 19:02:54 GMT',
83 verbose headers   etag: 'W/"5946ce5e-a8cf"',
83 verbose headers   'content-encoding': 'gzip',
83 verbose headers   'cache-control': 'max-age=300',
83 verbose headers   'content-length': '6421',
83 verbose headers   'accept-ranges': 'bytes',
83 verbose headers   date: 'Sun, 10 Sep 2017 14:38:45 GMT',
83 verbose headers   via: '1.1 varnish',
83 verbose headers   age: '0',
83 verbose headers   connection: 'keep-alive',
83 verbose headers   'x-served-by': 'cache-sin18033-SIN',
83 verbose headers   'x-cache': 'MISS',
83 verbose headers   'x-cache-hits': '0',
83 verbose headers   'x-timer': 'S1505054326.756322,VS0,VE205',
83 verbose headers   vary: 'Accept-Encoding, Accept' }
84 silly get cb [ 200,
84 silly get   { server: 'nginx/1.10.3',
84 silly get     'content-type': 'application/json',
84 silly get     'last-modified': 'Sun, 18 Jun 2017 19:02:54 GMT',
84 silly get     etag: 'W/"5946ce5e-a8cf"',
84 silly get     'content-encoding': 'gzip',
84 silly get     'cache-control': 'max-age=300',
84 silly get     'content-length': '6421',
84 silly get     'accept-ranges': 'bytes',
84 silly get     date: 'Sun, 10 Sep 2017 14:38:45 GMT',
84 silly get     via: '1.1 varnish',
84 silly get     age: '0',
84 silly get     connection: 'keep-alive',
84 silly get     'x-served-by': 'cache-sin18033-SIN',
84 silly get     'x-cache': 'MISS',
84 silly get     'x-cache-hits': '0',
84 silly get     'x-timer': 'S1505054326.756322,VS0,VE205',
84 silly get     vary: 'Accept-Encoding, Accept' } ]
85 verbose get saving epoll to C:\Users\Aqib Saleem\AppData\Roaming\npm-cache\registry.npmjs.org\epoll\.cache.json
86 verbose correctMkdir C:\Users\Aqib Saleem\AppData\Roaming\npm-cache correctMkdir not in flight; initializing
87 silly resolveWithNewModule epoll@0.1.22 checking installable status
88 silly cache add args [ 'epoll@~0.1.22', null ]
89 verbose cache add spec epoll@~0.1.22
90 silly cache add parsed spec Result {
90 silly cache add   raw: 'epoll@~0.1.22',
90 silly cache add   scope: null,
90 silly cache add   escapedName: 'epoll',
90 silly cache add   name: 'epoll',
90 silly cache add   rawSpec: '~0.1.22',
90 silly cache add   spec: '>=0.1.22 <0.2.0',
90 silly cache add   type: 'range' }
91 silly addNamed epoll@>=0.1.22 <0.2.0
92 verbose addNamed ">=0.1.22 <0.2.0" is a valid semver range for epoll
93 silly addNameRange { name: 'epoll', range: '>=0.1.22 <0.2.0', hasData: false }
94 silly mapToRegistry name epoll
95 silly mapToRegistry using default registry
96 silly mapToRegistry registry https://registry.npmjs.org/
97 silly mapToRegistry data Result {
97 silly mapToRegistry   raw: 'epoll',
97 silly mapToRegistry   scope: null,
97 silly mapToRegistry   escapedName: 'epoll',
97 silly mapToRegistry   name: 'epoll',
97 silly mapToRegistry   rawSpec: '',
97 silly mapToRegistry   spec: 'latest',
97 silly mapToRegistry   type: 'tag' }
98 silly mapToRegistry uri https://registry.npmjs.org/epoll
99 verbose addNameRange registry:https://registry.npmjs.org/epoll not in flight; fetching
100 verbose get https://registry.npmjs.org/epoll not expired, no request
101 silly addNameRange number 2 { name: 'epoll', range: '>=0.1.22 <0.2.0', hasData: true }
102 silly addNameRange versions [ 'epoll',
102 silly addNameRange   [ '0.0.1',
102 silly addNameRange     '0.0.2',
102 silly addNameRange     '0.0.3',
102 silly addNameRange     '0.0.4',
102 silly addNameRange     '0.0.5',
102 silly addNameRange     '0.0.6',
102 silly addNameRange     '0.0.7',
102 silly addNameRange     '0.0.8',
102 silly addNameRange     '0.1.0',
102 silly addNameRange     '0.1.1',
102 silly addNameRange     '0.1.2',
102 silly addNameRange     '0.1.3',
102 silly addNameRange     '0.1.4',
102 silly addNameRange     '0.1.5',
102 silly addNameRange     '0.1.7',
102 silly addNameRange     '0.1.8',
102 silly addNameRange     '0.1.9',
102 silly addNameRange     '0.1.10',
102 silly addNameRange     '0.1.11',
102 silly addNameRange     '0.1.12',
102 silly addNameRange     '0.1.13',
102 silly addNameRange     '0.1.14',
102 silly addNameRange     '0.1.15',
102 silly addNameRange     '0.1.16',
102 silly addNameRange     '0.1.17',
102 silly addNameRange     '0.1.18',
102 silly addNameRange     '0.1.19',
102 silly addNameRange     '0.1.20',
102 silly addNameRange     '0.1.21',
102 silly addNameRange     '0.1.22' ] ]
103 silly addNamed epoll@0.1.22
104 verbose addNamed "0.1.22" is a plain semver version for epoll
105 silly mapToRegistry name epoll
106 silly mapToRegistry using default registry
107 silly mapToRegistry registry https://registry.npmjs.org/
108 silly mapToRegistry data Result {
108 silly mapToRegistry   raw: 'epoll',
108 silly mapToRegistry   scope: null,
108 silly mapToRegistry   escapedName: 'epoll',
108 silly mapToRegistry   name: 'epoll',
108 silly mapToRegistry   rawSpec: '',
108 silly mapToRegistry   spec: 'latest',
108 silly mapToRegistry   type: 'tag' }
109 silly mapToRegistry uri https://registry.npmjs.org/epoll
110 verbose addRemoteTarball https://registry.npmjs.org/epoll/-/epoll-0.1.22.tgz not in flight; adding
111 verbose addRemoteTarball [ 'https://registry.npmjs.org/epoll/-/epoll-0.1.22.tgz',
111 verbose addRemoteTarball   '1ab9a637cff11a20970c888b1ca2178b64cf5291' ]
112 info retry fetch attempt 1 at 7:38:44 AM
113 info attempt registry request try #1 at 7:38:44 AM
114 http fetch GET https://registry.npmjs.org/epoll/-/epoll-0.1.22.tgz
115 http fetch 200 https://registry.npmjs.org/epoll/-/epoll-0.1.22.tgz
116 silly fetchAndShaCheck shasum 1ab9a637cff11a20970c888b1ca2178b64cf5291
117 verbose addTmpTarball C:\Users\AQIBSA~1\AppData\Local\Temp\npm-10660-b3d5dd7a\registry.npmjs.org\epoll\-\epoll-0.1.22.tgz not in flight; adding
118 verbose addTmpTarball already have metadata; skipping unpack for epoll@0.1.22
119 verbose correctMkdir C:\Users\Aqib Saleem\AppData\Roaming\npm-cache correctMkdir not in flight; initializing
120 silly cache afterAdd epoll@0.1.22
121 verbose afterAdd C:\Users\Aqib Saleem\AppData\Roaming\npm-cache\epoll\0.1.22\package\package.json not in flight; writing
122 verbose correctMkdir C:\Users\Aqib Saleem\AppData\Roaming\npm-cache correctMkdir not in flight; initializing
123 verbose afterAdd C:\Users\Aqib Saleem\AppData\Roaming\npm-cache\epoll\0.1.22\package\package.json written
124 silly fetchNamedPackageData bindings
125 silly mapToRegistry name bindings
126 silly mapToRegistry using default registry
127 silly mapToRegistry registry https://registry.npmjs.org/
128 silly mapToRegistry data Result {
128 silly mapToRegistry   raw: 'bindings',
128 silly mapToRegistry   scope: null,
128 silly mapToRegistry   escapedName: 'bindings',
128 silly mapToRegistry   name: 'bindings',
128 silly mapToRegistry   rawSpec: '',
128 silly mapToRegistry   spec: 'latest',
128 silly mapToRegistry   type: 'tag' }
129 silly mapToRegistry uri https://registry.npmjs.org/bindings
130 verbose request uri https://registry.npmjs.org/bindings
131 verbose request no auth needed
132 info attempt registry request try #1 at 7:38:44 AM
133 http request GET https://registry.npmjs.org/bindings
134 http 200 https://registry.npmjs.org/bindings
135 verbose headers { server: 'nginx/1.10.3',
135 verbose headers   'content-type': 'application/json',
135 verbose headers   'last-modified': 'Fri, 08 Sep 2017 12:19:32 GMT',
135 verbose headers   etag: 'W/"59b28ad4-4c18"',
135 verbose headers   'content-encoding': 'gzip',
135 verbose headers   'cache-control': 'max-age=300',
135 verbose headers   'content-length': '3855',
135 verbose headers   'accept-ranges': 'bytes',
135 verbose headers   date: 'Sun, 10 Sep 2017 14:38:46 GMT',
135 verbose headers   via: '1.1 varnish',
135 verbose headers   age: '245',
135 verbose headers   connection: 'keep-alive',
135 verbose headers   'x-served-by': 'cache-sin18033-SIN',
135 verbose headers   'x-cache': 'HIT',
135 verbose headers   'x-cache-hits': '1',
135 verbose headers   'x-timer': 'S1505054326.437531,VS0,VE1',
135 verbose headers   vary: 'Accept-Encoding, Accept' }
136 silly get cb [ 200,
136 silly get   { server: 'nginx/1.10.3',
136 silly get     'content-type': 'application/json',
136 silly get     'last-modified': 'Fri, 08 Sep 2017 12:19:32 GMT',
136 silly get     etag: 'W/"59b28ad4-4c18"',
136 silly get     'content-encoding': 'gzip',
136 silly get     'cache-control': 'max-age=300',
136 silly get     'content-length': '3855',
136 silly get     'accept-ranges': 'bytes',
136 silly get     date: 'Sun, 10 Sep 2017 14:38:46 GMT',
136 silly get     via: '1.1 varnish',
136 silly get     age: '245',
136 silly get     connection: 'keep-alive',
136 silly get     'x-served-by': 'cache-sin18033-SIN',
136 silly get     'x-cache': 'HIT',
136 silly get     'x-cache-hits': '1',
136 silly get     'x-timer': 'S1505054326.437531,VS0,VE1',
136 silly get     vary: 'Accept-Encoding, Accept' } ]
137 verbose get saving bindings to C:\Users\Aqib Saleem\AppData\Roaming\npm-cache\registry.npmjs.org\bindings\.cache.json
138 verbose correctMkdir C:\Users\Aqib Saleem\AppData\Roaming\npm-cache correctMkdir not in flight; initializing
139 silly resolveWithNewModule bindings@1.2.1 checking installable status
140 silly cache add args [ 'bindings@~1.2.1', null ]
141 verbose cache add spec bindings@~1.2.1
142 silly cache add parsed spec Result {
142 silly cache add   raw: 'bindings@~1.2.1',
142 silly cache add   scope: null,
142 silly cache add   escapedName: 'bindings',
142 silly cache add   name: 'bindings',
142 silly cache add   rawSpec: '~1.2.1',
142 silly cache add   spec: '>=1.2.1 <1.3.0',
142 silly cache add   type: 'range' }
143 silly addNamed bindings@>=1.2.1 <1.3.0
144 verbose addNamed ">=1.2.1 <1.3.0" is a valid semver range for bindings
145 silly addNameRange { name: 'bindings', range: '>=1.2.1 <1.3.0', hasData: false }
146 silly mapToRegistry name bindings
147 silly mapToRegistry using default registry
148 silly mapToRegistry registry https://registry.npmjs.org/
149 silly mapToRegistry data Result {
149 silly mapToRegistry   raw: 'bindings',
149 silly mapToRegistry   scope: null,
149 silly mapToRegistry   escapedName: 'bindings',
149 silly mapToRegistry   name: 'bindings',
149 silly mapToRegistry   rawSpec: '',
149 silly mapToRegistry   spec: 'latest',
149 silly mapToRegistry   type: 'tag' }
150 silly mapToRegistry uri https://registry.npmjs.org/bindings
151 verbose addNameRange registry:https://registry.npmjs.org/bindings not in flight; fetching
152 verbose get https://registry.npmjs.org/bindings not expired, no request
153 silly addNameRange number 2 { name: 'bindings', range: '>=1.2.1 <1.3.0', hasData: true }
154 silly addNameRange versions [ 'bindings',
154 silly addNameRange   [ '0.0.1',
154 silly addNameRange     '0.1.0',
154 silly addNameRange     '0.1.1',
154 silly addNameRange     '0.2.0',
154 silly addNameRange     '0.2.1',
154 silly addNameRange     '0.2.2',
154 silly addNameRange     '0.2.3',
154 silly addNameRange     '0.2.4',
154 silly addNameRange     '0.3.0',
154 silly addNameRange     '0.4.0',
154 silly addNameRange     '1.0.0',
154 silly addNameRange     '1.1.0',
154 silly addNameRange     '1.1.1',
154 silly addNameRange     '1.2.0',
154 silly addNameRange     '1.2.1',
154 silly addNameRange     '1.3.0' ] ]
155 silly addNamed bindings@1.2.1
156 verbose addNamed "1.2.1" is a plain semver version for bindings
157 silly mapToRegistry name bindings
158 silly mapToRegistry using default registry
159 silly mapToRegistry registry https://registry.npmjs.org/
160 silly mapToRegistry data Result {
160 silly mapToRegistry   raw: 'bindings',
160 silly mapToRegistry   scope: null,
160 silly mapToRegistry   escapedName: 'bindings',
160 silly mapToRegistry   name: 'bindings',
160 silly mapToRegistry   rawSpec: '',
160 silly mapToRegistry   spec: 'latest',
160 silly mapToRegistry   type: 'tag' }
161 silly mapToRegistry uri https://registry.npmjs.org/bindings
162 verbose addRemoteTarball https://registry.npmjs.org/bindings/-/bindings-1.2.1.tgz not in flight; adding
163 verbose addRemoteTarball [ 'https://registry.npmjs.org/bindings/-/bindings-1.2.1.tgz',
163 verbose addRemoteTarball   '14ad6113812d2d37d72e67b4cacb4bb726505f11' ]
164 info retry fetch attempt 1 at 7:38:44 AM
165 info attempt registry request try #1 at 7:38:44 AM
166 http fetch GET https://registry.npmjs.org/bindings/-/bindings-1.2.1.tgz
167 http fetch 200 https://registry.npmjs.org/bindings/-/bindings-1.2.1.tgz
168 silly fetchAndShaCheck shasum 14ad6113812d2d37d72e67b4cacb4bb726505f11
169 verbose addTmpTarball C:\Users\AQIBSA~1\AppData\Local\Temp\npm-10660-b3d5dd7a\registry.npmjs.org\bindings\-\bindings-1.2.1.tgz not in flight; adding
170 verbose addTmpTarball already have metadata; skipping unpack for bindings@1.2.1
171 verbose correctMkdir C:\Users\Aqib Saleem\AppData\Roaming\npm-cache correctMkdir not in flight; initializing
172 silly cache afterAdd bindings@1.2.1
173 verbose afterAdd C:\Users\Aqib Saleem\AppData\Roaming\npm-cache\bindings\1.2.1\package\package.json not in flight; writing
174 verbose correctMkdir C:\Users\Aqib Saleem\AppData\Roaming\npm-cache correctMkdir not in flight; initializing
175 verbose afterAdd C:\Users\Aqib Saleem\AppData\Roaming\npm-cache\bindings\1.2.1\package\package.json written
176 silly fetchNamedPackageData fsevents
177 silly mapToRegistry name fsevents
178 silly mapToRegistry using default registry
179 silly mapToRegistry registry https://registry.npmjs.org/
180 silly mapToRegistry data Result {
180 silly mapToRegistry   raw: 'fsevents',
180 silly mapToRegistry   scope: null,
180 silly mapToRegistry   escapedName: 'fsevents',
180 silly mapToRegistry   name: 'fsevents',
180 silly mapToRegistry   rawSpec: '',
180 silly mapToRegistry   spec: 'latest',
180 silly mapToRegistry   type: 'tag' }
181 silly mapToRegistry uri https://registry.npmjs.org/fsevents
182 verbose request uri https://registry.npmjs.org/fsevents
183 verbose request no auth needed
184 info attempt registry request try #1 at 7:38:44 AM
185 verbose etag W/"597215e7-dd9a"
186 verbose lastModified Fri, 21 Jul 2017 14:55:35 GMT
187 http request GET https://registry.npmjs.org/fsevents
188 http 304 https://registry.npmjs.org/fsevents
189 verbose headers { date: 'Sun, 10 Sep 2017 14:38:46 GMT',
189 verbose headers   via: '1.1 varnish',
189 verbose headers   'cache-control': 'max-age=300',
189 verbose headers   etag: 'W/"597215e7-dd9a"',
189 verbose headers   age: '145',
189 verbose headers   connection: 'keep-alive',
189 verbose headers   'x-served-by': 'cache-sin18033-SIN',
189 verbose headers   'x-cache': 'HIT',
189 verbose headers   'x-cache-hits': '8',
189 verbose headers   'x-timer': 'S1505054327.956038,VS0,VE0',
189 verbose headers   vary: 'Accept-Encoding, Accept' }
190 silly get cb [ 304,
190 silly get   { date: 'Sun, 10 Sep 2017 14:38:46 GMT',
190 silly get     via: '1.1 varnish',
190 silly get     'cache-control': 'max-age=300',
190 silly get     etag: 'W/"597215e7-dd9a"',
190 silly get     age: '145',
190 silly get     connection: 'keep-alive',
190 silly get     'x-served-by': 'cache-sin18033-SIN',
190 silly get     'x-cache': 'HIT',
190 silly get     'x-cache-hits': '8',
190 silly get     'x-timer': 'S1505054327.956038,VS0,VE0',
190 silly get     vary: 'Accept-Encoding, Accept' } ]
191 verbose etag https://registry.npmjs.org/fsevents from cache
192 verbose get saving fsevents to C:\Users\Aqib Saleem\AppData\Roaming\npm-cache\registry.npmjs.org\fsevents\.cache.json
193 verbose correctMkdir C:\Users\Aqib Saleem\AppData\Roaming\npm-cache correctMkdir not in flight; initializing
194 silly resolveWithNewModule fsevents@1.1.2 checking installable status
195 silly loadAllDepsIntoIdealTree Finishing
196 silly loadIdealTree Finishing
197 silly currentTree project@1.0.0
197 silly currentTree +-- abbrev@1.1.0
197 silly currentTree +-- accepts@1.3.3
197 silly currentTree +-- after@0.8.1
197 silly currentTree +-- ajv@4.11.8
197 silly currentTree +-- amdefine@1.0.1
197 silly currentTree +-- ansi-regex@2.1.1
197 silly currentTree +-- ansi-styles@2.2.1
197 silly currentTree +-- anymatch@1.3.2
197 silly currentTree +-- append-field@0.1.0
197 silly currentTree +-- aproba@1.1.2
197 silly currentTree +-- archy@1.0.0
197 silly currentTree +-- are-we-there-yet@1.1.4
197 silly currentTree | +-- isarray@1.0.0
197 silly currentTree | +-- readable-stream@2.3.3
197 silly currentTree | `-- string_decoder@1.0.3
197 silly currentTree +-- arr-diff@2.0.0
197 silly currentTree +-- arr-flatten@1.1.0
197 silly currentTree +-- array-differ@1.0.0
197 silly currentTree +-- array-each@1.0.1
197 silly currentTree +-- array-find-index@1.0.2
197 silly currentTree +-- array-flatten@1.1.1
197 silly currentTree +-- array-slice@1.0.0
197 silly currentTree +-- array-union@1.0.2
197 silly currentTree +-- array-uniq@1.0.3
197 silly currentTree +-- array-unique@0.2.1
197 silly currentTree +-- arraybuffer.slice@0.0.6
197 silly currentTree +-- asn1@0.2.3
197 silly currentTree +-- assert-plus@0.2.0
197 silly currentTree +-- async-each-series@0.1.1
197 silly currentTree +-- async-each@1.0.1
197 silly currentTree +-- async-foreach@0.1.3
197 silly currentTree +-- async@1.5.2
197 silly currentTree +-- asynckit@0.4.0
197 silly currentTree +-- aws-sign2@0.6.0
197 silly currentTree +-- aws4@1.6.0
197 silly currentTree +-- backo2@1.0.2
197 silly currentTree +-- balanced-match@1.0.0
197 silly currentTree +-- base64-arraybuffer@0.1.5
197 silly currentTree +-- base64id@0.1.0
197 silly currentTree +-- batch@0.5.3
197 silly currentTree +-- bcrypt-pbkdf@1.0.1
197 silly currentTree +-- beeper@1.1.1
197 silly currentTree +-- better-assert@1.0.2
197 silly currentTree +-- bignumber.js@4.0.2
197 silly currentTree +-- binary-extensions@1.10.0
197 silly currentTree +-- blob@0.0.4
197 silly currentTree +-- block-stream@0.0.9
197 silly currentTree +-- body-parser@1.17.2
197 silly currentTree | +-- debug@2.6.7
197 silly currentTree | `-- qs@6.4.0
197 silly currentTree +-- boom@2.10.1
197 silly currentTree +-- brace-expansion@1.1.8
197 silly currentTree +-- braces@1.8.5
197 silly currentTree +-- browser-sync-client@2.5.1
197 silly currentTree | `-- fresh@0.3.0
197 silly currentTree +-- browser-sync-ui@0.6.3
197 silly currentTree +-- browser-sync@2.18.13
197 silly currentTree | +-- camelcase@3.0.0
197 silly currentTree | +-- debug@2.6.4
197 silly currentTree | | `-- ms@0.7.3
197 silly currentTree | +-- ms@1.0.0
197 silly currentTree | +-- qs@6.2.1
197 silly currentTree | +-- send@0.15.2
197 silly currentTree | +-- serve-static@1.12.2
197 silly currentTree | +-- window-size@0.2.0
197 silly currentTree | +-- yargs-parser@4.2.1
197 silly currentTree | `-- yargs@6.4.0
197 silly currentTree +-- bs-recipes@1.3.4
197 silly currentTree +-- builtin-modules@1.1.1
197 silly currentTree +-- busboy@0.2.14
197 silly currentTree +-- bytes@2.4.0
197 silly currentTree +-- callsite@1.0.0
197 silly currentTree +-- camelcase-keys@2.1.0
197 silly currentTree +-- camelcase@2.1.1
197 silly currentTree +-- caseless@0.12.0
197 silly currentTree +-- chalk@1.1.3
197 silly currentTree +-- child_process@1.0.2
197 silly currentTree +-- chokidar@1.7.0
197 silly currentTree +-- cli@1.0.1
197 silly currentTree | +-- glob@7.1.2
197 silly currentTree | `-- minimatch@3.0.4
197 silly currentTree +-- cliui@3.2.0
197 silly currentTree +-- clone-buffer@1.0.0
197 silly currentTree +-- clone-stats@0.0.1
197 silly currentTree +-- clone@1.0.2
197 silly currentTree +-- cloneable-readable@1.0.0
197 silly currentTree +-- co@4.6.0
197 silly currentTree +-- code-point-at@1.1.0
197 silly currentTree +-- combined-stream@1.0.5
197 silly currentTree +-- commander@2.11.0
197 silly currentTree +-- component-bind@1.0.0
197 silly currentTree +-- component-emitter@1.1.2
197 silly currentTree +-- component-inherit@0.0.3
197 silly currentTree +-- compressible@2.0.11
197 silly currentTree +-- compression@1.7.0
197 silly currentTree | `-- bytes@2.5.0
197 silly currentTree +-- concat-map@0.0.1
197 silly currentTree +-- concat-stream@1.6.0
197 silly currentTree | +-- isarray@1.0.0
197 silly currentTree | +-- readable-stream@2.3.3
197 silly currentTree | `-- string_decoder@1.0.3
197 silly currentTree +-- concat-with-sourcemaps@1.0.4
197 silly currentTree | `-- source-map@0.5.6
197 silly currentTree +-- connect-history-api-fallback@1.3.0
197 silly currentTree +-- connect@3.5.0
197 silly currentTree | +-- debug@2.2.0
197 silly currentTree | +-- finalhandler@0.5.0
197 silly currentTree | `-- ms@0.7.1
197 silly currentTree +-- console-browserify@1.1.0
197 silly currentTree +-- console-control-strings@1.1.0
197 silly currentTree +-- content-disposition@0.5.2
197 silly currentTree +-- content-type@1.0.2
197 silly currentTree +-- cookie-signature@1.0.6
197 silly currentTree +-- cookie@0.3.1
197 silly currentTree +-- core-util-is@1.0.2
197 silly currentTree +-- cross-spawn@3.0.1
197 silly currentTree | `-- lru-cache@4.1.1
197 silly currentTree +-- cryptiles@2.0.5
197 silly currentTree +-- currently-unhandled@0.4.1
197 silly currentTree +-- dashdash@1.14.1
197 silly currentTree | `-- assert-plus@1.0.0
197 silly currentTree +-- date-now@0.1.4
197 silly currentTree +-- dateformat@2.0.0
197 silly currentTree +-- debug@2.6.8
197 silly currentTree +-- decamelize@1.2.0
197 silly currentTree +-- defaults@1.0.3
197 silly currentTree +-- del@3.0.0
197 silly currentTree | `-- pify@3.0.0
197 silly currentTree +-- delayed-stream@1.0.0
197 silly currentTree +-- delegates@1.0.0
197 silly currentTree +-- depd@1.1.1
197 silly currentTree +-- deprecated@0.0.1
197 silly currentTree +-- destroy@1.0.4
197 silly currentTree +-- detect-file@0.1.0
197 silly currentTree +-- dev-ip@1.0.1
197 silly currentTree +-- dicer@0.2.5
197 silly currentTree +-- dom-serializer@0.1.0
197 silly currentTree | +-- domelementtype@1.1.3
197 silly currentTree | `-- entities@1.1.1
197 silly currentTree +-- domelementtype@1.3.0
197 silly currentTree +-- domhandler@2.3.0
197 silly currentTree +-- domutils@1.5.1
197 silly currentTree +-- duplexer2@0.0.2
197 silly currentTree +-- easy-extender@2.3.2
197 silly currentTree | `-- lodash@3.10.1
197 silly currentTree +-- eazy-logger@3.0.2
197 silly currentTree +-- ecc-jsbn@0.1.1
197 silly currentTree +-- ee-first@1.1.1
197 silly currentTree +-- emitter-steward@1.0.0
197 silly currentTree +-- encodeurl@1.0.1
197 silly currentTree +-- end-of-stream@0.1.5
197 silly currentTree +-- engine.io-client@1.8.0
197 silly currentTree | +-- component-emitter@1.2.1
197 silly currentTree | +-- debug@2.3.3
197 silly currentTree | `-- ms@0.7.2
197 silly currentTree +-- engine.io-parser@1.3.1
197 silly currentTree | `-- has-binary@0.1.6
197 silly currentTree +-- engine.io@1.8.0
197 silly currentTree | +-- debug@2.3.3
197 silly currentTree | `-- ms@0.7.2
197 silly currentTree +-- entities@1.0.0
197 silly currentTree +-- error-ex@1.3.1
197 silly currentTree +-- escape-html@1.0.3
197 silly currentTree +-- escape-string-regexp@1.0.5
197 silly currentTree +-- etag@1.8.0
197 silly currentTree +-- eventemitter3@1.2.0
197 silly currentTree +-- exit@0.1.2
197 silly currentTree +-- expand-brackets@0.1.5
197 silly currentTree +-- expand-range@1.8.2
197 silly currentTree +-- expand-tilde@1.2.2
197 silly currentTree +-- express@4.15.4
197 silly currentTree +-- extend@3.0.1
197 silly currentTree +-- extglob@0.3.2
197 silly currentTree +-- extsprintf@1.3.0
197 silly currentTree +-- fancy-log@1.3.0
197 silly currentTree +-- filename-regex@2.0.1
197 silly currentTree +-- fill-range@2.2.3
197 silly currentTree +-- finalhandler@1.0.4
197 silly currentTree +-- find-index@0.1.1
197 silly currentTree +-- find-up@1.1.2
197 silly currentTree +-- findup-sync@0.4.3
197 silly currentTree +-- fined@1.1.0
197 silly currentTree | `-- expand-tilde@2.0.2
197 silly currentTree +-- first-chunk-stream@1.0.0
197 silly currentTree +-- flagged-respawn@0.3.2
197 silly currentTree +-- for-in@1.0.2
197 silly currentTree +-- for-own@0.1.5
197 silly currentTree +-- forever-agent@0.6.1
197 silly currentTree +-- form-data@2.1.4
197 silly currentTree +-- formidable@1.0.17
197 silly currentTree +-- forwarded@0.1.0
197 silly currentTree +-- fresh@0.5.0
197 silly currentTree +-- fs-exists-sync@0.1.0
197 silly currentTree +-- fs-extra@3.0.1
197 silly currentTree | `-- graceful-fs@4.1.11
197 silly currentTree +-- fs.realpath@1.0.0
197 silly currentTree +-- fstream@1.0.11
197 silly currentTree | `-- graceful-fs@4.1.11
197 silly currentTree +-- gauge@2.7.4
197 silly currentTree | `-- object-assign@4.1.1
197 silly currentTree +-- gaze@0.5.2
197 silly currentTree +-- get-caller-file@1.0.2
197 silly currentTree +-- get-own-enumerable-property-symbols@1.0.1
197 silly currentTree +-- get-stdin@4.0.1
197 silly currentTree +-- getpass@0.1.7
197 silly currentTree | `-- assert-plus@1.0.0
197 silly currentTree +-- glob-base@0.3.0
197 silly currentTree +-- glob-parent@2.0.0
197 silly currentTree +-- glob-stream@3.1.18
197 silly currentTree | +-- readable-stream@1.0.34
197 silly currentTree | `-- through2@0.6.5
197 silly currentTree +-- glob-watcher@0.0.6
197 silly currentTree +-- glob@4.5.3
197 silly currentTree +-- glob2base@0.0.12
197 silly currentTree +-- global-modules@0.2.3
197 silly currentTree +-- global-prefix@0.1.5
197 silly currentTree +-- globby@6.1.0
197 silly currentTree | +-- glob@7.1.2
197 silly currentTree | +-- minimatch@3.0.4
197 silly currentTree | `-- object-assign@4.1.1
197 silly currentTree +-- globule@0.1.0
197 silly currentTree | +-- glob@3.1.21
197 silly currentTree | +-- graceful-fs@1.2.3
197 silly currentTree | +-- inherits@1.0.2
197 silly currentTree | `-- minimatch@0.2.14
197 silly currentTree +-- glogg@1.0.0
197 silly currentTree +-- graceful-fs@3.0.11
197 silly currentTree +-- growly@1.3.0
197 silly currentTree +-- gulp-concat@2.6.1
197 silly currentTree | +-- clone-stats@1.0.0
197 silly currentTree | +-- clone@2.1.1
197 silly currentTree | +-- replace-ext@1.0.0
197 silly currentTree | `-- vinyl@2.1.0
197 silly currentTree +-- gulp-debug@3.1.0
197 silly currentTree +-- gulp-notify@3.0.0
197 silly currentTree | +-- lodash.template@4.4.0
197 silly currentTree | `-- lodash.templatesettings@4.1.0
197 silly currentTree +-- gulp-sass@3.1.0
197 silly currentTree +-- gulp-uglify@3.0.0
197 silly currentTree | `-- lodash@4.17.4
197 silly currentTree +-- gulp-uglifycss@1.0.8
197 silly currentTree | `-- uglifycss@0.0.25
197 silly currentTree +-- gulp-util@3.0.8
197 silly currentTree +-- gulp@3.9.1
197 silly currentTree +-- gulplog@1.0.0
197 silly currentTree +-- har-schema@1.0.5
197 silly currentTree +-- har-validator@4.2.1
197 silly currentTree +-- has-ansi@2.0.0
197 silly currentTree +-- has-binary@0.1.7
197 silly currentTree +-- has-cors@1.1.0
197 silly currentTree +-- has-gulplog@0.1.0
197 silly currentTree +-- has-unicode@2.0.1
197 silly currentTree +-- hawk@3.1.3
197 silly currentTree +-- hoek@2.16.3
197 silly currentTree +-- hogan-express@0.5.2
197 silly currentTree +-- hogan.js@3.0.2
197 silly currentTree | +-- mkdirp@0.3.0
197 silly currentTree | `-- nopt@1.0.10
197 silly currentTree +-- homedir-polyfill@1.0.1
197 silly currentTree +-- hosted-git-info@2.5.0
197 silly currentTree +-- htmlparser2@3.8.3
197 silly currentTree +-- http-errors@1.6.2
197 silly currentTree +-- http-proxy@1.15.2
197 silly currentTree +-- http-signature@1.1.1
197 silly currentTree +-- iconv-lite@0.4.15
197 silly currentTree +-- immutable@3.8.1
197 silly currentTree +-- in-publish@2.0.0
197 silly currentTree +-- indent-string@2.1.0
197 silly currentTree +-- indexof@0.0.1
197 silly currentTree +-- inflight@1.0.6
197 silly currentTree +-- inherits@2.0.3
197 silly currentTree +-- ini@1.3.4
197 silly currentTree +-- interpret@1.0.3
197 silly currentTree +-- invert-kv@1.0.0
197 silly currentTree +-- ipaddr.js@1.4.0
197 silly currentTree +-- irregular-plurals@1.3.0
197 silly currentTree +-- is-absolute@0.2.6
197 silly currentTree +-- is-arrayish@0.2.1
197 silly currentTree +-- is-binary-path@1.0.1
197 silly currentTree +-- is-buffer@1.1.5
197 silly currentTree +-- is-builtin-module@1.0.0
197 silly currentTree +-- is-dotfile@1.0.3
197 silly currentTree +-- is-equal-shallow@0.1.3
197 silly currentTree +-- is-extendable@0.1.1
197 silly currentTree +-- is-extglob@1.0.0
197 silly currentTree +-- is-finite@1.0.2
197 silly currentTree +-- is-fullwidth-code-point@1.0.0
197 silly currentTree +-- is-glob@2.0.1
197 silly currentTree +-- is-number-like@1.0.8
197 silly currentTree +-- is-number@2.1.0
197 silly currentTree +-- is-obj@1.0.1
197 silly currentTree +-- is-path-cwd@1.0.0
197 silly currentTree +-- is-path-in-cwd@1.0.0
197 silly currentTree +-- is-path-inside@1.0.0
197 silly currentTree +-- is-plain-object@2.0.4
197 silly currentTree | `-- isobject@3.0.1
197 silly currentTree +-- is-posix-bracket@0.1.1
197 silly currentTree +-- is-primitive@2.0.0
197 silly currentTree +-- is-regexp@1.0.0
197 silly currentTree +-- is-relative@0.2.1
197 silly currentTree +-- is-typedarray@1.0.0
197 silly currentTree +-- is-unc-path@0.1.2
197 silly currentTree +-- is-utf8@0.2.1
197 silly currentTree +-- is-windows@0.2.0
197 silly currentTree +-- is@3.2.1
197 silly currentTree +-- isarray@0.0.1
197 silly currentTree +-- isexe@2.0.0
197 silly currentTree +-- isobject@2.1.0
197 silly currentTree | `-- isarray@1.0.0
197 silly currentTree +-- isstream@0.1.2
197 silly currentTree +-- js-base64@2.1.9
197 silly currentTree +-- jsbn@0.1.1
197 silly currentTree +-- jshint@2.9.5
197 silly currentTree | +-- lodash@3.7.0
197 silly currentTree | `-- minimatch@3.0.4
197 silly currentTree +-- json-schema@0.2.3
197 silly currentTree +-- json-stable-stringify@1.0.1
197 silly currentTree +-- json-stringify-safe@5.0.1
197 silly currentTree +-- json3@3.3.2
197 silly currentTree +-- jsonfile@3.0.1
197 silly currentTree | `-- graceful-fs@4.1.11
197 silly currentTree +-- jsonify@0.0.0
197 silly currentTree +-- jsprim@1.4.1
197 silly currentTree | `-- assert-plus@1.0.0
197 silly currentTree +-- kind-of@3.2.2
197 silly currentTree +-- lcid@1.0.0
197 silly currentTree +-- liftoff@2.3.0
197 silly currentTree +-- limiter@1.1.2
197 silly currentTree +-- load-json-file@1.1.0
197 silly currentTree | +-- graceful-fs@4.1.11
197 silly currentTree | `-- strip-bom@2.0.0
197 silly currentTree +-- localtunnel@1.8.3
197 silly currentTree | +-- camelcase@1.2.1
197 silly currentTree | `-- yargs@3.29.0
197 silly currentTree +-- lodash._basecopy@3.0.1
197 silly currentTree +-- lodash._basetostring@3.0.1
197 silly currentTree +-- lodash._basevalues@3.0.0
197 silly currentTree +-- lodash._getnative@3.9.1
197 silly currentTree +-- lodash._isiterateecall@3.0.9
197 silly currentTree +-- lodash._reescape@3.0.0
197 silly currentTree +-- lodash._reevaluate@3.0.0
197 silly currentTree +-- lodash._reinterpolate@3.0.0
197 silly currentTree +-- lodash._root@3.0.1
197 silly currentTree +-- lodash.assign@4.2.0
197 silly currentTree +-- lodash.clonedeep@4.5.0
197 silly currentTree +-- lodash.escape@3.2.0
197 silly currentTree +-- lodash.isarguments@3.1.0
197 silly currentTree +-- lodash.isarray@3.0.4
197 silly currentTree +-- lodash.isfinite@3.3.2
197 silly currentTree +-- lodash.isplainobject@4.0.6
197 silly currentTree +-- lodash.isstring@4.0.1
197 silly currentTree +-- lodash.keys@3.1.2
197 silly currentTree +-- lodash.mapvalues@4.6.0
197 silly currentTree +-- lodash.mergewith@4.6.0
197 silly currentTree +-- lodash.restparam@3.6.1
197 silly currentTree +-- lodash.template@3.6.2
197 silly currentTree +-- lodash.templatesettings@3.1.1
197 silly currentTree +-- lodash@1.0.2
197 silly currentTree +-- loud-rejection@1.6.0
197 silly currentTree +-- lru-cache@2.7.3
197 silly currentTree +-- make-error-cause@1.2.2
197 silly currentTree +-- make-error@1.3.0
197 silly currentTree +-- map-cache@0.2.2
197 silly currentTree +-- map-obj@1.0.1
197 silly currentTree +-- media-typer@0.3.0
197 silly currentTree +-- meow@3.7.0
197 silly currentTree | `-- object-assign@4.1.1
197 silly currentTree +-- merge-descriptors@1.0.1
197 silly currentTree +-- methods@1.1.2
197 silly currentTree +-- micromatch@2.3.11
197 silly currentTree +-- mime-db@1.29.0
197 silly currentTree +-- mime-types@2.1.16
197 silly currentTree +-- mime@1.3.4
197 silly currentTree +-- minimatch@2.0.10
197 silly currentTree +-- minimist@1.2.0
197 silly currentTree +-- mkdirp@0.5.1
197 silly currentTree | `-- minimist@0.0.8
197 silly currentTree +-- moment@2.18.1
197 silly currentTree +-- ms@2.0.0
197 silly currentTree +-- multer@1.3.0
197 silly currentTree +-- multipipe@0.1.2
197 silly currentTree +-- mysql@2.14.1
197 silly currentTree | +-- isarray@1.0.0
197 silly currentTree | +-- readable-stream@2.3.3
197 silly currentTree | `-- string_decoder@1.0.3
197 silly currentTree +-- nan@2.6.2
197 silly currentTree +-- natives@1.1.0
197 silly currentTree +-- negotiator@0.6.1
197 silly currentTree +-- node-gyp@3.6.2
197 silly currentTree | +-- glob@7.1.2
197 silly currentTree | +-- graceful-fs@4.1.11
197 silly currentTree | +-- minimatch@3.0.4
197 silly currentTree | `-- semver@5.3.0
197 silly currentTree +-- node-notifier@5.1.2
197 silly currentTree | `-- semver@5.4.1
197 silly currentTree +-- node-sass@4.5.3
197 silly currentTree | +-- gaze@1.1.2
197 silly currentTree | +-- glob@7.1.2
197 silly currentTree | +-- globule@1.2.0
197 silly currentTree | +-- lodash@4.17.4
197 silly currentTree | `-- minimatch@3.0.4
197 silly currentTree +-- node.extend@1.1.6
197 silly currentTree +-- nopt@3.0.6
197 silly currentTree +-- normalize-package-data@2.4.0
197 silly currentTree +-- normalize-path@2.1.1
197 silly currentTree +-- npmlog@4.1.2
197 silly currentTree +-- number-is-nan@1.0.1
197 silly currentTree +-- oauth-sign@0.8.2
197 silly currentTree +-- object-assign@3.0.0
197 silly currentTree +-- object-component@0.0.3
197 silly currentTree +-- object-path@0.9.2
197 silly currentTree +-- object.defaults@1.1.0
197 silly currentTree | +-- for-own@1.0.0
197 silly currentTree | `-- isobject@3.0.1
197 silly currentTree +-- object.omit@2.0.1
197 silly currentTree +-- object.pick@1.2.0
197 silly currentTree +-- on-finished@2.3.0
197 silly currentTree +-- on-headers@1.0.1
197 silly currentTree +-- once@1.3.3
197 silly currentTree +-- openurl@1.1.1
197 silly currentTree +-- opn@4.0.2
197 silly currentTree | `-- object-assign@4.1.1
197 silly currentTree +-- options@0.0.6
197 silly currentTree +-- orchestrator@0.3.8
197 silly currentTree +-- ordered-read-streams@0.1.0
197 silly currentTree +-- os-homedir@1.0.2
197 silly currentTree +-- os-locale@1.4.0
197 silly currentTree +-- os-tmpdir@1.0.2
197 silly currentTree +-- osenv@0.1.4
197 silly currentTree +-- p-map@1.1.1
197 silly currentTree +-- parse-filepath@1.0.1
197 silly currentTree +-- parse-glob@3.0.4
197 silly currentTree +-- parse-json@2.2.0
197 silly currentTree +-- parse-passwd@1.0.0
197 silly currentTree +-- parsejson@0.0.3
197 silly currentTree +-- parseqs@0.0.5
197 silly currentTree +-- parseuri@0.0.5
197 silly currentTree +-- parseurl@1.3.1
197 silly currentTree +-- path-exists@2.1.0
197 silly currentTree +-- path-is-absolute@1.0.1
197 silly currentTree +-- path-is-inside@1.0.2
197 silly currentTree +-- path-parse@1.0.5
197 silly currentTree +-- path-root-regex@0.1.2
197 silly currentTree +-- path-root@0.1.1
197 silly currentTree +-- path-to-regexp@0.1.7
197 silly currentTree +-- path-type@1.1.0
197 silly currentTree | `-- graceful-fs@4.1.11
197 silly currentTree +-- path@0.12.7
197 silly currentTree +-- performance-now@0.2.0
197 silly currentTree +-- pify@2.3.0
197 silly currentTree +-- pinkie-promise@2.0.1
197 silly currentTree +-- pinkie@2.0.4
197 silly currentTree +-- plur@2.1.2
197 silly currentTree +-- portscanner@2.1.1
197 silly currentTree +-- preserve@0.2.0
197 silly currentTree +-- pretty-hrtime@1.0.3
197 silly currentTree +-- process-nextick-args@1.0.7
197 silly currentTree +-- process@0.11.10
197 silly currentTree +-- proxy-addr@1.1.5
197 silly currentTree +-- pseudomap@1.0.2
197 silly currentTree +-- punycode@1.4.1
197 silly currentTree +-- qs@6.5.0
197 silly currentTree +-- randomatic@1.1.7
197 silly currentTree | +-- is-number@3.0.0
197 silly currentTree | | `-- kind-of@3.2.2
197 silly currentTree | `-- kind-of@4.0.0
197 silly currentTree +-- range-parser@1.2.0
197 silly currentTree +-- raw-body@2.2.0
197 silly currentTree +-- read-pkg-up@1.0.1
197 silly currentTree +-- read-pkg@1.1.0
197 silly currentTree +-- readable-stream@1.1.14
197 silly currentTree +-- readdirp@2.1.0
197 silly currentTree | +-- graceful-fs@4.1.11
197 silly currentTree | +-- isarray@1.0.0
197 silly currentTree | +-- minimatch@3.0.4
197 silly currentTree | +-- readable-stream@2.3.3
197 silly currentTree | `-- string_decoder@1.0.3
197 silly currentTree +-- rechoir@0.6.2
197 silly currentTree +-- redent@1.0.0
197 silly currentTree +-- regex-cache@0.4.3
197 silly currentTree +-- remove-trailing-separator@1.0.2
197 silly currentTree +-- repeat-element@1.1.2
197 silly currentTree +-- repeat-string@1.6.1
197 silly currentTree +-- repeating@2.0.1
197 silly currentTree +-- replace-ext@0.0.1
197 silly currentTree +-- request@2.81.0
197 silly currentTree | `-- qs@6.4.0
197 silly currentTree +-- require-directory@2.1.1
197 silly currentTree +-- require-main-filename@1.0.1
197 silly currentTree +-- requires-port@1.0.0
197 silly currentTree +-- resolve-dir@0.1.1
197 silly currentTree +-- resolve@1.4.0
197 silly currentTree +-- resp-modifier@6.0.2
197 silly currentTree | `-- minimatch@3.0.4
197 silly currentTree +-- rimraf@2.6.1
197 silly currentTree | +-- glob@7.1.2
197 silly currentTree | `-- minimatch@3.0.4
197 silly currentTree +-- rx@4.1.0
197 silly currentTree +-- safe-buffer@5.1.1
197 silly currentTree +-- sass-graph@2.2.4
197 silly currentTree | +-- glob@7.1.2
197 silly currentTree | +-- lodash@4.17.4
197 silly currentTree | `-- minimatch@3.0.4
197 silly currentTree +-- scss-tokenizer@0.2.3
197 silly currentTree +-- semver@4.3.6
197 silly currentTree +-- send@0.15.4
197 silly currentTree +-- sequencify@0.0.7
197 silly currentTree +-- serve-index@1.8.0
197 silly currentTree | +-- debug@2.2.0
197 silly currentTree | +-- http-errors@1.5.1
197 silly currentTree | +-- ms@0.7.1
197 silly currentTree | `-- setprototypeof@1.0.2
197 silly currentTree +-- serve-static@1.12.4
197 silly currentTree +-- server-destroy@1.0.1
197 silly currentTree +-- set-blocking@2.0.0
197 silly currentTree +-- set-immediate-shim@1.0.1
197 silly currentTree +-- setprototypeof@1.0.3
197 silly currentTree +-- shelljs@0.3.0
197 silly currentTree +-- shellwords@0.1.0
197 silly currentTree +-- sigmund@1.0.1
197 silly currentTree +-- signal-exit@3.0.2
197 silly currentTree +-- sntp@1.0.9
197 silly currentTree +-- socket.io-adapter@0.5.0
197 silly currentTree | +-- debug@2.3.3
197 silly currentTree | `-- ms@0.7.2
197 silly currentTree +-- socket.io-client@1.6.0
197 silly currentTree | +-- component-emitter@1.2.1
197 silly currentTree | +-- debug@2.3.3
197 silly currentTree | `-- ms@0.7.2
197 silly currentTree +-- socket.io-parser@2.3.1
197 silly currentTree | +-- debug@2.2.0
197 silly currentTree | `-- ms@0.7.1
197 silly currentTree +-- socket.io@1.6.0
197 silly currentTree | +-- debug@2.3.3
197 silly currentTree | +-- ms@0.7.2
197 silly currentTree | `-- object-assign@4.1.0
197 silly currentTree +-- source-map@0.4.4
197 silly currentTree +-- sparkles@1.0.0
197 silly currentTree +-- spdx-correct@1.0.2
197 silly currentTree +-- spdx-expression-parse@1.0.4
197 silly currentTree +-- spdx-license-ids@1.2.2
197 silly currentTree +-- sqlstring@2.2.0
197 silly currentTree +-- sshpk@1.13.1
197 silly currentTree | `-- assert-plus@1.0.0
197 silly currentTree +-- statuses@1.3.1
197 silly currentTree +-- stdout-stream@1.4.0
197 silly currentTree | +-- isarray@1.0.0
197 silly currentTree | +-- readable-stream@2.3.3
197 silly currentTree | `-- string_decoder@1.0.3
197 silly currentTree +-- stream-consume@0.1.0
197 silly currentTree +-- stream-throttle@0.1.3
197 silly currentTree +-- streamsearch@0.1.2
197 silly currentTree +-- string_decoder@0.10.31
197 silly currentTree +-- string-width@1.0.2
197 silly currentTree +-- stringify-object@3.2.0
197 silly currentTree +-- stringstream@0.0.5
197 silly currentTree +-- strip-ansi@3.0.1
197 silly currentTree +-- strip-bom@1.0.0
197 silly currentTree +-- strip-indent@1.0.1
197 silly currentTree +-- strip-json-comments@1.0.4
197 silly currentTree +-- supports-color@2.0.0
197 silly currentTree +-- tar@2.2.1
197 silly currentTree +-- tfunk@3.1.0
197 silly currentTree +-- through2@2.0.3
197 silly currentTree | +-- isarray@1.0.0
197 silly currentTree | +-- readable-stream@2.3.3
197 silly currentTree | `-- string_decoder@1.0.3
197 silly currentTree +-- tildify@1.2.0
197 silly currentTree +-- time-stamp@1.1.0
197 silly currentTree +-- to-array@0.1.4
197 silly currentTree +-- tough-cookie@2.3.2
197 silly currentTree +-- trim-newlines@1.0.0
197 silly currentTree +-- tunnel-agent@0.6.0
197 silly currentTree +-- tweetnacl@0.14.5
197 silly currentTree +-- type-is@1.6.15
197 silly currentTree +-- typedarray@0.0.6
197 silly currentTree +-- ua-parser-js@0.7.12
197 silly currentTree +-- uglify-js@3.0.27
197 silly currentTree | `-- source-map@0.5.6
197 silly currentTree +-- uglifycss@0.0.27
197 silly currentTree +-- ultron@1.0.2
197 silly currentTree +-- unc-path-regex@0.1.2
197 silly currentTree +-- underscore@1.7.0
197 silly currentTree +-- unique-stream@1.0.0
197 silly currentTree +-- universalify@0.1.1
197 silly currentTree +-- unpipe@1.0.0
197 silly currentTree +-- user-home@1.1.1
197 silly currentTree +-- util-deprecate@1.0.2
197 silly currentTree +-- util@0.10.3
197 silly currentTree | `-- inherits@2.0.1
197 silly currentTree +-- utils-merge@1.0.0
197 silly currentTree +-- uuid@3.1.0
197 silly currentTree +-- v8flags@2.1.1
197 silly currentTree +-- validate-npm-package-license@3.0.1
197 silly currentTree +-- vary@1.1.1
197 silly currentTree +-- verror@1.10.0
197 silly currentTree | `-- assert-plus@1.0.0
197 silly currentTree +-- vinyl-fs@0.3.14
197 silly currentTree | +-- clone@0.2.0
197 silly currentTree | +-- readable-stream@1.0.34
197 silly currentTree | +-- through2@0.6.5
197 silly currentTree | `-- vinyl@0.4.6
197 silly currentTree +-- vinyl-sourcemaps-apply@0.2.1
197 silly currentTree | `-- source-map@0.5.6
197 silly currentTree +-- vinyl@0.5.3
197 silly currentTree +-- weinre@2.0.0-pre-I0Z7U9OV
197 silly currentTree | +-- connect@1.9.2
197 silly currentTree | +-- express@2.5.11
197 silly currentTree | +-- mime@1.2.4
197 silly currentTree | +-- mkdirp@0.3.0
197 silly currentTree | `-- qs@0.4.2
197 silly currentTree +-- which-module@1.0.0
197 silly currentTree +-- which@1.3.0
197 silly currentTree +-- wide-align@1.1.2
197 silly currentTree +-- window-size@0.1.4
197 silly currentTree +-- wrap-ansi@2.1.0
197 silly currentTree +-- wrappy@1.0.2
197 silly currentTree +-- ws@1.1.1
197 silly currentTree +-- wtf-8@1.0.0
197 silly currentTree +-- xmlhttprequest-ssl@1.5.3
197 silly currentTree +-- xtend@4.0.1
197 silly currentTree +-- y18n@3.2.1
197 silly currentTree +-- yallist@2.1.2
197 silly currentTree +-- yargs-parser@5.0.0
197 silly currentTree | `-- camelcase@3.0.0
197 silly currentTree +-- yargs@7.1.0
197 silly currentTree | `-- camelcase@3.0.0
197 silly currentTree `-- yeast@0.1.2
198 silly idealTree project@1.0.0
198 silly idealTree +-- abbrev@1.1.0
198 silly idealTree +-- accepts@1.3.3
198 silly idealTree +-- after@0.8.1
198 silly idealTree +-- ajv@4.11.8
198 silly idealTree +-- amdefine@1.0.1
198 silly idealTree +-- ansi-regex@2.1.1
198 silly idealTree +-- ansi-styles@2.2.1
198 silly idealTree +-- anymatch@1.3.2
198 silly idealTree +-- append-field@0.1.0
198 silly idealTree +-- aproba@1.1.2
198 silly idealTree +-- archy@1.0.0
198 silly idealTree +-- are-we-there-yet@1.1.4
198 silly idealTree | +-- isarray@1.0.0
198 silly idealTree | +-- readable-stream@2.3.3
198 silly idealTree | `-- string_decoder@1.0.3
198 silly idealTree +-- arr-diff@2.0.0
198 silly idealTree +-- arr-flatten@1.1.0
198 silly idealTree +-- array-differ@1.0.0
198 silly idealTree +-- array-each@1.0.1
198 silly idealTree +-- array-find-index@1.0.2
198 silly idealTree +-- array-flatten@1.1.1
198 silly idealTree +-- array-slice@1.0.0
198 silly idealTree +-- array-union@1.0.2
198 silly idealTree +-- array-uniq@1.0.3
198 silly idealTree +-- array-unique@0.2.1
198 silly idealTree +-- arraybuffer.slice@0.0.6
198 silly idealTree +-- asn1@0.2.3
198 silly idealTree +-- assert-plus@0.2.0
198 silly idealTree +-- async-each-series@0.1.1
198 silly idealTree +-- async-each@1.0.1
198 silly idealTree +-- async-foreach@0.1.3
198 silly idealTree +-- async@1.5.2
198 silly idealTree +-- asynckit@0.4.0
198 silly idealTree +-- aws-sign2@0.6.0
198 silly idealTree +-- aws4@1.6.0
198 silly idealTree +-- backo2@1.0.2
198 silly idealTree +-- balanced-match@1.0.0
198 silly idealTree +-- base64-arraybuffer@0.1.5
198 silly idealTree +-- base64id@0.1.0
198 silly idealTree +-- batch@0.5.3
198 silly idealTree +-- bcrypt-pbkdf@1.0.1
198 silly idealTree +-- beeper@1.1.1
198 silly idealTree +-- better-assert@1.0.2
198 silly idealTree +-- bignumber.js@4.0.2
198 silly idealTree +-- binary-extensions@1.10.0
198 silly idealTree +-- bindings@1.2.1
198 silly idealTree +-- blob@0.0.4
198 silly idealTree +-- block-stream@0.0.9
198 silly idealTree +-- body-parser@1.17.2
198 silly idealTree | +-- debug@2.6.7
198 silly idealTree | `-- qs@6.4.0
198 silly idealTree +-- boom@2.10.1
198 silly idealTree +-- brace-expansion@1.1.8
198 silly idealTree +-- braces@1.8.5
198 silly idealTree +-- browser-sync-client@2.5.1
198 silly idealTree | `-- fresh@0.3.0
198 silly idealTree +-- browser-sync-ui@0.6.3
198 silly idealTree +-- browser-sync@2.18.13
198 silly idealTree | +-- camelcase@3.0.0
198 silly idealTree | +-- debug@2.6.4
198 silly idealTree | | `-- ms@0.7.3
198 silly idealTree | +-- ms@1.0.0
198 silly idealTree | +-- qs@6.2.1
198 silly idealTree | +-- send@0.15.2
198 silly idealTree | +-- serve-static@1.12.2
198 silly idealTree | +-- window-size@0.2.0
198 silly idealTree | +-- yargs-parser@4.2.1
198 silly idealTree | `-- yargs@6.4.0
198 silly idealTree +-- bs-recipes@1.3.4
198 silly idealTree +-- builtin-modules@1.1.1
198 silly idealTree +-- busboy@0.2.14
198 silly idealTree +-- bytes@2.4.0
198 silly idealTree +-- callsite@1.0.0
198 silly idealTree +-- camelcase-keys@2.1.0
198 silly idealTree +-- camelcase@2.1.1
198 silly idealTree +-- caseless@0.12.0
198 silly idealTree +-- chalk@1.1.3
198 silly idealTree +-- child_process@1.0.2
198 silly idealTree +-- chokidar@1.7.0
198 silly idealTree +-- cli@1.0.1
198 silly idealTree | +-- glob@7.1.2
198 silly idealTree | `-- minimatch@3.0.4
198 silly idealTree +-- cliui@3.2.0
198 silly idealTree +-- clone-buffer@1.0.0
198 silly idealTree +-- clone-stats@0.0.1
198 silly idealTree +-- clone@1.0.2
198 silly idealTree +-- cloneable-readable@1.0.0
198 silly idealTree +-- co@4.6.0
198 silly idealTree +-- code-point-at@1.1.0
198 silly idealTree +-- combined-stream@1.0.5
198 silly idealTree +-- commander@2.11.0
198 silly idealTree +-- component-bind@1.0.0
198 silly idealTree +-- component-emitter@1.1.2
198 silly idealTree +-- component-inherit@0.0.3
198 silly idealTree +-- compressible@2.0.11
198 silly idealTree +-- compression@1.7.0
198 silly idealTree | `-- bytes@2.5.0
198 silly idealTree +-- concat-map@0.0.1
198 silly idealTree +-- concat-stream@1.6.0
198 silly idealTree | +-- isarray@1.0.0
198 silly idealTree | +-- readable-stream@2.3.3
198 silly idealTree | `-- string_decoder@1.0.3
198 silly idealTree +-- concat-with-sourcemaps@1.0.4
198 silly idealTree | `-- source-map@0.5.6
198 silly idealTree +-- connect-history-api-fallback@1.3.0
198 silly idealTree +-- connect@3.5.0
198 silly idealTree | +-- debug@2.2.0
198 silly idealTree | +-- finalhandler@0.5.0
198 silly idealTree | `-- ms@0.7.1
198 silly idealTree +-- console-browserify@1.1.0
198 silly idealTree +-- console-control-strings@1.1.0
198 silly idealTree +-- content-disposition@0.5.2
198 silly idealTree +-- content-type@1.0.2
198 silly idealTree +-- cookie-signature@1.0.6
198 silly idealTree +-- cookie@0.3.1
198 silly idealTree +-- core-util-is@1.0.2
198 silly idealTree +-- cross-spawn@3.0.1
198 silly idealTree | `-- lru-cache@4.1.1
198 silly idealTree +-- cryptiles@2.0.5
198 silly idealTree +-- currently-unhandled@0.4.1
198 silly idealTree +-- dashdash@1.14.1
198 silly idealTree | `-- assert-plus@1.0.0
198 silly idealTree +-- date-now@0.1.4
198 silly idealTree +-- dateformat@2.0.0
198 silly idealTree +-- debug@2.6.8
198 silly idealTree +-- decamelize@1.2.0
198 silly idealTree +-- defaults@1.0.3
198 silly idealTree +-- del@3.0.0
198 silly idealTree | `-- pify@3.0.0
198 silly idealTree +-- delayed-stream@1.0.0
198 silly idealTree +-- delegates@1.0.0
198 silly idealTree +-- depd@1.1.1
198 silly idealTree +-- deprecated@0.0.1
198 silly idealTree +-- destroy@1.0.4
198 silly idealTree +-- detect-file@0.1.0
198 silly idealTree +-- dev-ip@1.0.1
198 silly idealTree +-- dicer@0.2.5
198 silly idealTree +-- dom-serializer@0.1.0
198 silly idealTree | +-- domelementtype@1.1.3
198 silly idealTree | `-- entities@1.1.1
198 silly idealTree +-- domelementtype@1.3.0
198 silly idealTree +-- domhandler@2.3.0
198 silly idealTree +-- domutils@1.5.1
198 silly idealTree +-- duplexer2@0.0.2
198 silly idealTree +-- easy-extender@2.3.2
198 silly idealTree | `-- lodash@3.10.1
198 silly idealTree +-- eazy-logger@3.0.2
198 silly idealTree +-- ecc-jsbn@0.1.1
198 silly idealTree +-- ee-first@1.1.1
198 silly idealTree +-- emitter-steward@1.0.0
198 silly idealTree +-- encodeurl@1.0.1
198 silly idealTree +-- end-of-stream@0.1.5
198 silly idealTree +-- engine.io-client@1.8.0
198 silly idealTree | +-- component-emitter@1.2.1
198 silly idealTree | +-- debug@2.3.3
198 silly idealTree | `-- ms@0.7.2
198 silly idealTree +-- engine.io-parser@1.3.1
198 silly idealTree | `-- has-binary@0.1.6
198 silly idealTree +-- engine.io@1.8.0
198 silly idealTree | +-- debug@2.3.3
198 silly idealTree | `-- ms@0.7.2
198 silly idealTree +-- entities@1.0.0
198 silly idealTree +-- epoll@0.1.22
198 silly idealTree +-- error-ex@1.3.1
198 silly idealTree +-- escape-html@1.0.3
198 silly idealTree +-- escape-string-regexp@1.0.5
198 silly idealTree +-- etag@1.8.0
198 silly idealTree +-- eventemitter3@1.2.0
198 silly idealTree +-- exit@0.1.2
198 silly idealTree +-- expand-brackets@0.1.5
198 silly idealTree +-- expand-range@1.8.2
198 silly idealTree +-- expand-tilde@1.2.2
198 silly idealTree +-- express@4.15.4
198 silly idealTree +-- extend@3.0.1
198 silly idealTree +-- extglob@0.3.2
198 silly idealTree +-- extsprintf@1.3.0
198 silly idealTree +-- fancy-log@1.3.0
198 silly idealTree +-- filename-regex@2.0.1
198 silly idealTree +-- fill-range@2.2.3
198 silly idealTree +-- finalhandler@1.0.4
198 silly idealTree +-- find-index@0.1.1
198 silly idealTree +-- find-up@1.1.2
198 silly idealTree +-- findup-sync@0.4.3
198 silly idealTree +-- fined@1.1.0
198 silly idealTree | `-- expand-tilde@2.0.2
198 silly idealTree +-- first-chunk-stream@1.0.0
198 silly idealTree +-- flagged-respawn@0.3.2
198 silly idealTree +-- for-in@1.0.2
198 silly idealTree +-- for-own@0.1.5
198 silly idealTree +-- forever-agent@0.6.1
198 silly idealTree +-- form-data@2.1.4
198 silly idealTree +-- formidable@1.0.17
198 silly idealTree +-- forwarded@0.1.0
198 silly idealTree +-- fresh@0.5.0
198 silly idealTree +-- fs-exists-sync@0.1.0
198 silly idealTree +-- fs-extra@3.0.1
198 silly idealTree | `-- graceful-fs@4.1.11
198 silly idealTree +-- fs.realpath@1.0.0
198 silly idealTree +-- fstream@1.0.11
198 silly idealTree | `-- graceful-fs@4.1.11
198 silly idealTree +-- gauge@2.7.4
198 silly idealTree | `-- object-assign@4.1.1
198 silly idealTree +-- gaze@0.5.2
198 silly idealTree +-- get-caller-file@1.0.2
198 silly idealTree +-- get-own-enumerable-property-symbols@1.0.1
198 silly idealTree +-- get-stdin@4.0.1
198 silly idealTree +-- getpass@0.1.7
198 silly idealTree | `-- assert-plus@1.0.0
198 silly idealTree +-- glob-base@0.3.0
198 silly idealTree +-- glob-parent@2.0.0
198 silly idealTree +-- glob-stream@3.1.18
198 silly idealTree | +-- readable-stream@1.0.34
198 silly idealTree | `-- through2@0.6.5
198 silly idealTree +-- glob-watcher@0.0.6
198 silly idealTree +-- glob@4.5.3
198 silly idealTree +-- glob2base@0.0.12
198 silly idealTree +-- global-modules@0.2.3
198 silly idealTree +-- global-prefix@0.1.5
198 silly idealTree +-- globby@6.1.0
198 silly idealTree | +-- glob@7.1.2
198 silly idealTree | +-- minimatch@3.0.4
198 silly idealTree | `-- object-assign@4.1.1
198 silly idealTree +-- globule@0.1.0
198 silly idealTree | +-- glob@3.1.21
198 silly idealTree | +-- graceful-fs@1.2.3
198 silly idealTree | +-- inherits@1.0.2
198 silly idealTree | `-- minimatch@0.2.14
198 silly idealTree +-- glogg@1.0.0
198 silly idealTree +-- graceful-fs@3.0.11
198 silly idealTree +-- growly@1.3.0
198 silly idealTree +-- gulp-concat@2.6.1
198 silly idealTree | +-- clone-stats@1.0.0
198 silly idealTree | +-- clone@2.1.1
198 silly idealTree | +-- replace-ext@1.0.0
198 silly idealTree | `-- vinyl@2.1.0
198 silly idealTree +-- gulp-debug@3.1.0
198 silly idealTree +-- gulp-notify@3.0.0
198 silly idealTree | +-- lodash.template@4.4.0
198 silly idealTree | `-- lodash.templatesettings@4.1.0
198 silly idealTree +-- gulp-sass@3.1.0
198 silly idealTree +-- gulp-uglify@3.0.0
198 silly idealTree | `-- lodash@4.17.4
198 silly idealTree +-- gulp-uglifycss@1.0.8
198 silly idealTree | `-- uglifycss@0.0.25
198 silly idealTree +-- gulp-util@3.0.8
198 silly idealTree +-- gulp@3.9.1
198 silly idealTree +-- gulplog@1.0.0
198 silly idealTree +-- har-schema@1.0.5
198 silly idealTree +-- har-validator@4.2.1
198 silly idealTree +-- has-ansi@2.0.0
198 silly idealTree +-- has-binary@0.1.7
198 silly idealTree +-- has-cors@1.1.0
198 silly idealTree +-- has-gulplog@0.1.0
198 silly idealTree +-- has-unicode@2.0.1
198 silly idealTree +-- hawk@3.1.3
198 silly idealTree +-- hoek@2.16.3
198 silly idealTree +-- hogan-express@0.5.2
198 silly idealTree +-- hogan.js@3.0.2
198 silly idealTree | +-- mkdirp@0.3.0
198 silly idealTree | `-- nopt@1.0.10
198 silly idealTree +-- homedir-polyfill@1.0.1
198 silly idealTree +-- hosted-git-info@2.5.0
198 silly idealTree +-- htmlparser2@3.8.3
198 silly idealTree +-- http-errors@1.6.2
198 silly idealTree +-- http-proxy@1.15.2
198 silly idealTree +-- http-signature@1.1.1
198 silly idealTree +-- iconv-lite@0.4.15
198 silly idealTree +-- immutable@3.8.1
198 silly idealTree +-- in-publish@2.0.0
198 silly idealTree +-- indent-string@2.1.0
198 silly idealTree +-- indexof@0.0.1
198 silly idealTree +-- inflight@1.0.6
198 silly idealTree +-- inherits@2.0.3
198 silly idealTree +-- ini@1.3.4
198 silly idealTree +-- interpret@1.0.3
198 silly idealTree +-- invert-kv@1.0.0
198 silly idealTree +-- ipaddr.js@1.4.0
198 silly idealTree +-- irregular-plurals@1.3.0
198 silly idealTree +-- is-absolute@0.2.6
198 silly idealTree +-- is-arrayish@0.2.1
198 silly idealTree +-- is-binary-path@1.0.1
198 silly idealTree +-- is-buffer@1.1.5
198 silly idealTree +-- is-builtin-module@1.0.0
198 silly idealTree +-- is-dotfile@1.0.3
198 silly idealTree +-- is-equal-shallow@0.1.3
198 silly idealTree +-- is-extendable@0.1.1
198 silly idealTree +-- is-extglob@1.0.0
198 silly idealTree +-- is-finite@1.0.2
198 silly idealTree +-- is-fullwidth-code-point@1.0.0
198 silly idealTree +-- is-glob@2.0.1
198 silly idealTree +-- is-number-like@1.0.8
198 silly idealTree +-- is-number@2.1.0
198 silly idealTree +-- is-obj@1.0.1
198 silly idealTree +-- is-path-cwd@1.0.0
198 silly idealTree +-- is-path-in-cwd@1.0.0
198 silly idealTree +-- is-path-inside@1.0.0
198 silly idealTree +-- is-plain-object@2.0.4
198 silly idealTree | `-- isobject@3.0.1
198 silly idealTree +-- is-posix-bracket@0.1.1
198 silly idealTree +-- is-primitive@2.0.0
198 silly idealTree +-- is-regexp@1.0.0
198 silly idealTree +-- is-relative@0.2.1
198 silly idealTree +-- is-typedarray@1.0.0
198 silly idealTree +-- is-unc-path@0.1.2
198 silly idealTree +-- is-utf8@0.2.1
198 silly idealTree +-- is-windows@0.2.0
198 silly idealTree +-- is@3.2.1
198 silly idealTree +-- isarray@0.0.1
198 silly idealTree +-- isexe@2.0.0
198 silly idealTree +-- isobject@2.1.0
198 silly idealTree | `-- isarray@1.0.0
198 silly idealTree +-- isstream@0.1.2
198 silly idealTree +-- js-base64@2.1.9
198 silly idealTree +-- jsbn@0.1.1
198 silly idealTree +-- jshint@2.9.5
198 silly idealTree | +-- lodash@3.7.0
198 silly idealTree | `-- minimatch@3.0.4
198 silly idealTree +-- json-schema@0.2.3
198 silly idealTree +-- json-stable-stringify@1.0.1
198 silly idealTree +-- json-stringify-safe@5.0.1
198 silly idealTree +-- json3@3.3.2
198 silly idealTree +-- jsonfile@3.0.1
198 silly idealTree | `-- graceful-fs@4.1.11
198 silly idealTree +-- jsonify@0.0.0
198 silly idealTree +-- jsprim@1.4.1
198 silly idealTree | `-- assert-plus@1.0.0
198 silly idealTree +-- kind-of@3.2.2
198 silly idealTree +-- lcid@1.0.0
198 silly idealTree +-- liftoff@2.3.0
198 silly idealTree +-- limiter@1.1.2
198 silly idealTree +-- load-json-file@1.1.0
198 silly idealTree | +-- graceful-fs@4.1.11
198 silly idealTree | `-- strip-bom@2.0.0
198 silly idealTree +-- localtunnel@1.8.3
198 silly idealTree | +-- camelcase@1.2.1
198 silly idealTree | `-- yargs@3.29.0
198 silly idealTree +-- lodash._basecopy@3.0.1
198 silly idealTree +-- lodash._basetostring@3.0.1
198 silly idealTree +-- lodash._basevalues@3.0.0
198 silly idealTree +-- lodash._getnative@3.9.1
198 silly idealTree +-- lodash._isiterateecall@3.0.9
198 silly idealTree +-- lodash._reescape@3.0.0
198 silly idealTree +-- lodash._reevaluate@3.0.0
198 silly idealTree +-- lodash._reinterpolate@3.0.0
198 silly idealTree +-- lodash._root@3.0.1
198 silly idealTree +-- lodash.assign@4.2.0
198 silly idealTree +-- lodash.clonedeep@4.5.0
198 silly idealTree +-- lodash.escape@3.2.0
198 silly idealTree +-- lodash.isarguments@3.1.0
198 silly idealTree +-- lodash.isarray@3.0.4
198 silly idealTree +-- lodash.isfinite@3.3.2
198 silly idealTree +-- lodash.isplainobject@4.0.6
198 silly idealTree +-- lodash.isstring@4.0.1
198 silly idealTree +-- lodash.keys@3.1.2
198 silly idealTree +-- lodash.mapvalues@4.6.0
198 silly idealTree +-- lodash.mergewith@4.6.0
198 silly idealTree +-- lodash.restparam@3.6.1
198 silly idealTree +-- lodash.template@3.6.2
198 silly idealTree +-- lodash.templatesettings@3.1.1
198 silly idealTree +-- lodash@1.0.2
198 silly idealTree +-- loud-rejection@1.6.0
198 silly idealTree +-- lru-cache@2.7.3
198 silly idealTree +-- make-error-cause@1.2.2
198 silly idealTree +-- make-error@1.3.0
198 silly idealTree +-- map-cache@0.2.2
198 silly idealTree +-- map-obj@1.0.1
198 silly idealTree +-- media-typer@0.3.0
198 silly idealTree +-- meow@3.7.0
198 silly idealTree | `-- object-assign@4.1.1
198 silly idealTree +-- merge-descriptors@1.0.1
198 silly idealTree +-- methods@1.1.2
198 silly idealTree +-- micromatch@2.3.11
198 silly idealTree +-- mime-db@1.29.0
198 silly idealTree +-- mime-types@2.1.16
198 silly idealTree +-- mime@1.3.4
198 silly idealTree +-- minimatch@2.0.10
198 silly idealTree +-- minimist@1.2.0
198 silly idealTree +-- mkdirp@0.5.1
198 silly idealTree | `-- minimist@0.0.8
198 silly idealTree +-- moment@2.18.1
198 silly idealTree +-- ms@2.0.0
198 silly idealTree +-- multer@1.3.0
198 silly idealTree +-- multipipe@0.1.2
198 silly idealTree +-- mysql@2.14.1
198 silly idealTree | +-- isarray@1.0.0
198 silly idealTree | +-- readable-stream@2.3.3
198 silly idealTree | `-- string_decoder@1.0.3
198 silly idealTree +-- nan@2.6.2
198 silly idealTree +-- natives@1.1.0
198 silly idealTree +-- negotiator@0.6.1
198 silly idealTree +-- node-gyp@3.6.2
198 silly idealTree | +-- glob@7.1.2
198 silly idealTree | +-- graceful-fs@4.1.11
198 silly idealTree | +-- minimatch@3.0.4
198 silly idealTree | `-- semver@5.3.0
198 silly idealTree +-- node-notifier@5.1.2
198 silly idealTree | `-- semver@5.4.1
198 silly idealTree +-- node-sass@4.5.3
198 silly idealTree | +-- gaze@1.1.2
198 silly idealTree | +-- glob@7.1.2
198 silly idealTree | +-- globule@1.2.0
198 silly idealTree | +-- lodash@4.17.4
198 silly idealTree | `-- minimatch@3.0.4
198 silly idealTree +-- node.extend@1.1.6
198 silly idealTree +-- nopt@3.0.6
198 silly idealTree +-- normalize-package-data@2.4.0
198 silly idealTree +-- normalize-path@2.1.1
198 silly idealTree +-- npmlog@4.1.2
198 silly idealTree +-- number-is-nan@1.0.1
198 silly idealTree +-- oauth-sign@0.8.2
198 silly idealTree +-- object-assign@3.0.0
198 silly idealTree +-- object-component@0.0.3
198 silly idealTree +-- object-path@0.9.2
198 silly idealTree +-- object.defaults@1.1.0
198 silly idealTree | +-- for-own@1.0.0
198 silly idealTree | `-- isobject@3.0.1
198 silly idealTree +-- object.omit@2.0.1
198 silly idealTree +-- object.pick@1.2.0
198 silly idealTree +-- on-finished@2.3.0
198 silly idealTree +-- on-headers@1.0.1
198 silly idealTree +-- once@1.3.3
198 silly idealTree +-- onoff@1.1.7
198 silly idealTree +-- openurl@1.1.1
198 silly idealTree +-- opn@4.0.2
198 silly idealTree | `-- object-assign@4.1.1
198 silly idealTree +-- options@0.0.6
198 silly idealTree +-- orchestrator@0.3.8
198 silly idealTree +-- ordered-read-streams@0.1.0
198 silly idealTree +-- os-homedir@1.0.2
198 silly idealTree +-- os-locale@1.4.0
198 silly idealTree +-- os-tmpdir@1.0.2
198 silly idealTree +-- osenv@0.1.4
198 silly idealTree +-- p-map@1.1.1
198 silly idealTree +-- parse-filepath@1.0.1
198 silly idealTree +-- parse-glob@3.0.4
198 silly idealTree +-- parse-json@2.2.0
198 silly idealTree +-- parse-passwd@1.0.0
198 silly idealTree +-- parsejson@0.0.3
198 silly idealTree +-- parseqs@0.0.5
198 silly idealTree +-- parseuri@0.0.5
198 silly idealTree +-- parseurl@1.3.1
198 silly idealTree +-- path-exists@2.1.0
198 silly idealTree +-- path-is-absolute@1.0.1
198 silly idealTree +-- path-is-inside@1.0.2
198 silly idealTree +-- path-parse@1.0.5
198 silly idealTree +-- path-root-regex@0.1.2
198 silly idealTree +-- path-root@0.1.1
198 silly idealTree +-- path-to-regexp@0.1.7
198 silly idealTree +-- path-type@1.1.0
198 silly idealTree | `-- graceful-fs@4.1.11
198 silly idealTree +-- path@0.12.7
198 silly idealTree +-- performance-now@0.2.0
198 silly idealTree +-- pify@2.3.0
198 silly idealTree +-- pinkie-promise@2.0.1
198 silly idealTree +-- pinkie@2.0.4
198 silly idealTree +-- plur@2.1.2
198 silly idealTree +-- portscanner@2.1.1
198 silly idealTree +-- preserve@0.2.0
198 silly idealTree +-- pretty-hrtime@1.0.3
198 silly idealTree +-- process-nextick-args@1.0.7
198 silly idealTree +-- process@0.11.10
198 silly idealTree +-- proxy-addr@1.1.5
198 silly idealTree +-- pseudomap@1.0.2
198 silly idealTree +-- punycode@1.4.1
198 silly idealTree +-- qs@6.5.0
198 silly idealTree +-- randomatic@1.1.7
198 silly idealTree | +-- is-number@3.0.0
198 silly idealTree | | `-- kind-of@3.2.2
198 silly idealTree | `-- kind-of@4.0.0
198 silly idealTree +-- range-parser@1.2.0
198 silly idealTree +-- raw-body@2.2.0
198 silly idealTree +-- read-pkg-up@1.0.1
198 silly idealTree +-- read-pkg@1.1.0
198 silly idealTree +-- readable-stream@1.1.14
198 silly idealTree +-- readdirp@2.1.0
198 silly idealTree | +-- graceful-fs@4.1.11
198 silly idealTree | +-- isarray@1.0.0
198 silly idealTree | +-- minimatch@3.0.4
198 silly idealTree | +-- readable-stream@2.3.3
198 silly idealTree | `-- string_decoder@1.0.3
198 silly idealTree +-- rechoir@0.6.2
198 silly idealTree +-- redent@1.0.0
198 silly idealTree +-- regex-cache@0.4.3
198 silly idealTree +-- remove-trailing-separator@1.0.2
198 silly idealTree +-- repeat-element@1.1.2
198 silly idealTree +-- repeat-string@1.6.1
198 silly idealTree +-- repeating@2.0.1
198 silly idealTree +-- replace-ext@0.0.1
198 silly idealTree +-- request@2.81.0
198 silly idealTree | `-- qs@6.4.0
198 silly idealTree +-- require-directory@2.1.1
198 silly idealTree +-- require-main-filename@1.0.1
198 silly idealTree +-- requires-port@1.0.0
198 silly idealTree +-- resolve-dir@0.1.1
198 silly idealTree +-- resolve@1.4.0
198 silly idealTree +-- resp-modifier@6.0.2
198 silly idealTree | `-- minimatch@3.0.4
198 silly idealTree +-- rimraf@2.6.1
198 silly idealTree | +-- glob@7.1.2
198 silly idealTree | `-- minimatch@3.0.4
198 silly idealTree +-- rx@4.1.0
198 silly idealTree +-- safe-buffer@5.1.1
198 silly idealTree +-- sass-graph@2.2.4
198 silly idealTree | +-- glob@7.1.2
198 silly idealTree | +-- lodash@4.17.4
198 silly idealTree | `-- minimatch@3.0.4
198 silly idealTree +-- scss-tokenizer@0.2.3
198 silly idealTree +-- semver@4.3.6
198 silly idealTree +-- send@0.15.4
198 silly idealTree +-- sequencify@0.0.7
198 silly idealTree +-- serve-index@1.8.0
198 silly idealTree | +-- debug@2.2.0
198 silly idealTree | +-- http-errors@1.5.1
198 silly idealTree | +-- ms@0.7.1
198 silly idealTree | `-- setprototypeof@1.0.2
198 silly idealTree +-- serve-static@1.12.4
198 silly idealTree +-- server-destroy@1.0.1
198 silly idealTree +-- set-blocking@2.0.0
198 silly idealTree +-- set-immediate-shim@1.0.1
198 silly idealTree +-- setprototypeof@1.0.3
198 silly idealTree +-- shelljs@0.3.0
198 silly idealTree +-- shellwords@0.1.0
198 silly idealTree +-- sigmund@1.0.1
198 silly idealTree +-- signal-exit@3.0.2
198 silly idealTree +-- sntp@1.0.9
198 silly idealTree +-- socket.io-adapter@0.5.0
198 silly idealTree | +-- debug@2.3.3
198 silly idealTree | `-- ms@0.7.2
198 silly idealTree +-- socket.io-client@1.6.0
198 silly idealTree | +-- component-emitter@1.2.1
198 silly idealTree | +-- debug@2.3.3
198 silly idealTree | `-- ms@0.7.2
198 silly idealTree +-- socket.io-parser@2.3.1
198 silly idealTree | +-- debug@2.2.0
198 silly idealTree | `-- ms@0.7.1
198 silly idealTree +-- socket.io@1.6.0
198 silly idealTree | +-- debug@2.3.3
198 silly idealTree | +-- ms@0.7.2
198 silly idealTree | `-- object-assign@4.1.0
198 silly idealTree +-- source-map@0.4.4
198 silly idealTree +-- sparkles@1.0.0
198 silly idealTree +-- spdx-correct@1.0.2
198 silly idealTree +-- spdx-expression-parse@1.0.4
198 silly idealTree +-- spdx-license-ids@1.2.2
198 silly idealTree +-- sqlstring@2.2.0
198 silly idealTree +-- sshpk@1.13.1
198 silly idealTree | `-- assert-plus@1.0.0
198 silly idealTree +-- statuses@1.3.1
198 silly idealTree +-- stdout-stream@1.4.0
198 silly idealTree | +-- isarray@1.0.0
198 silly idealTree | +-- readable-stream@2.3.3
198 silly idealTree | `-- string_decoder@1.0.3
198 silly idealTree +-- stream-consume@0.1.0
198 silly idealTree +-- stream-throttle@0.1.3
198 silly idealTree +-- streamsearch@0.1.2
198 silly idealTree +-- string_decoder@0.10.31
198 silly idealTree +-- string-width@1.0.2
198 silly idealTree +-- stringify-object@3.2.0
198 silly idealTree +-- stringstream@0.0.5
198 silly idealTree +-- strip-ansi@3.0.1
198 silly idealTree +-- strip-bom@1.0.0
198 silly idealTree +-- strip-indent@1.0.1
198 silly idealTree +-- strip-json-comments@1.0.4
198 silly idealTree +-- supports-color@2.0.0
198 silly idealTree +-- tar@2.2.1
198 silly idealTree +-- tfunk@3.1.0
198 silly idealTree +-- through2@2.0.3
198 silly idealTree | +-- isarray@1.0.0
198 silly idealTree | +-- readable-stream@2.3.3
198 silly idealTree | `-- string_decoder@1.0.3
198 silly idealTree +-- tildify@1.2.0
198 silly idealTree +-- time-stamp@1.1.0
198 silly idealTree +-- to-array@0.1.4
198 silly idealTree +-- tough-cookie@2.3.2
198 silly idealTree +-- trim-newlines@1.0.0
198 silly idealTree +-- tunnel-agent@0.6.0
198 silly idealTree +-- tweetnacl@0.14.5
198 silly idealTree +-- type-is@1.6.15
198 silly idealTree +-- typedarray@0.0.6
198 silly idealTree +-- ua-parser-js@0.7.12
198 silly idealTree +-- uglify-js@3.0.27
198 silly idealTree | `-- source-map@0.5.6
198 silly idealTree +-- uglifycss@0.0.27
198 silly idealTree +-- ultron@1.0.2
198 silly idealTree +-- unc-path-regex@0.1.2
198 silly idealTree +-- underscore@1.7.0
198 silly idealTree +-- unique-stream@1.0.0
198 silly idealTree +-- universalify@0.1.1
198 silly idealTree +-- unpipe@1.0.0
198 silly idealTree +-- user-home@1.1.1
198 silly idealTree +-- util-deprecate@1.0.2
198 silly idealTree +-- util@0.10.3
198 silly idealTree | `-- inherits@2.0.1
198 silly idealTree +-- utils-merge@1.0.0
198 silly idealTree +-- uuid@3.1.0
198 silly idealTree +-- v8flags@2.1.1
198 silly idealTree +-- validate-npm-package-license@3.0.1
198 silly idealTree +-- vary@1.1.1
198 silly idealTree +-- verror@1.10.0
198 silly idealTree | `-- assert-plus@1.0.0
198 silly idealTree +-- vinyl-fs@0.3.14
198 silly idealTree | +-- clone@0.2.0
198 silly idealTree | +-- readable-stream@1.0.34
198 silly idealTree | +-- through2@0.6.5
198 silly idealTree | `-- vinyl@0.4.6
198 silly idealTree +-- vinyl-sourcemaps-apply@0.2.1
198 silly idealTree | `-- source-map@0.5.6
198 silly idealTree +-- vinyl@0.5.3
198 silly idealTree +-- weinre@2.0.0-pre-I0Z7U9OV
198 silly idealTree | +-- connect@1.9.2
198 silly idealTree | +-- express@2.5.11
198 silly idealTree | +-- mime@1.2.4
198 silly idealTree | +-- mkdirp@0.3.0
198 silly idealTree | `-- qs@0.4.2
198 silly idealTree +-- which-module@1.0.0
198 silly idealTree +-- which@1.3.0
198 silly idealTree +-- wide-align@1.1.2
198 silly idealTree +-- window-size@0.1.4
198 silly idealTree +-- wrap-ansi@2.1.0
198 silly idealTree +-- wrappy@1.0.2
198 silly idealTree +-- ws@1.1.1
198 silly idealTree +-- wtf-8@1.0.0
198 silly idealTree +-- xmlhttprequest-ssl@1.5.3
198 silly idealTree +-- xtend@4.0.1
198 silly idealTree +-- y18n@3.2.1
198 silly idealTree +-- yallist@2.1.2
198 silly idealTree +-- yargs-parser@5.0.0
198 silly idealTree | `-- camelcase@3.0.0
198 silly idealTree +-- yargs@7.1.0
198 silly idealTree | `-- camelcase@3.0.0
198 silly idealTree `-- yeast@0.1.2
199 silly generateActionsToTake Starting
200 silly install generateActionsToTake
201 silly generateActionsToTake Finishing
202 silly diffTrees action count 3
203 silly diffTrees add bindings@1.2.1
204 silly diffTrees add epoll@0.1.22
205 silly diffTrees add onoff@1.1.7
206 silly decomposeActions action count 24
207 silly decomposeActions fetch bindings@1.2.1
208 silly decomposeActions extract bindings@1.2.1
209 silly decomposeActions test bindings@1.2.1
210 silly decomposeActions preinstall bindings@1.2.1
211 silly decomposeActions build bindings@1.2.1
212 silly decomposeActions install bindings@1.2.1
213 silly decomposeActions postinstall bindings@1.2.1
214 silly decomposeActions finalize bindings@1.2.1
215 silly decomposeActions fetch epoll@0.1.22
216 silly decomposeActions extract epoll@0.1.22
217 silly decomposeActions test epoll@0.1.22
218 silly decomposeActions preinstall epoll@0.1.22
219 silly decomposeActions build epoll@0.1.22
220 silly decomposeActions install epoll@0.1.22
221 silly decomposeActions postinstall epoll@0.1.22
222 silly decomposeActions finalize epoll@0.1.22
223 silly decomposeActions fetch onoff@1.1.7
224 silly decomposeActions extract onoff@1.1.7
225 silly decomposeActions test onoff@1.1.7
226 silly decomposeActions preinstall onoff@1.1.7
227 silly decomposeActions build onoff@1.1.7
228 silly decomposeActions install onoff@1.1.7
229 silly decomposeActions postinstall onoff@1.1.7
230 silly decomposeActions finalize onoff@1.1.7
231 silly runTopLevelLifecycles Starting
232 silly executeActions Starting
233 silly install executeActions
234 silly doSerial global-install 0
235 silly doParallel fetch 3
236 verbose correctMkdir C:\Users\Aqib Saleem\AppData\Roaming\npm-cache\_locks correctMkdir not in flight; initializing
237 verbose lock using C:\Users\Aqib Saleem\AppData\Roaming\npm-cache\_locks\staging-3959a2bb6231e0cf.lock for C:\Users\Aqib Saleem\Desktop\project\node_modules\.staging
238 silly doParallel extract 3
239 silly extract bindings@1.2.1
240 silly extract epoll@0.1.22
241 silly extract onoff@1.1.7
242 verbose unbuild node_modules\.staging\onoff-0a2e55ec
243 verbose unbuild node_modules\.staging\epoll-4ce85e18
244 verbose unbuild node_modules\.staging\bindings-90aa5805
245 silly gentlyRm C:\Users\Aqib Saleem\Desktop\project\node_modules\.staging\onoff-0a2e55ec is being purged from base C:\Users\Aqib Saleem\Desktop\project
246 verbose gentlyRm don't care about contents; nuking C:\Users\Aqib Saleem\Desktop\project\node_modules\.staging\onoff-0a2e55ec
247 silly gentlyRm C:\Users\Aqib Saleem\Desktop\project\node_modules\.staging\epoll-4ce85e18 is being purged from base C:\Users\Aqib Saleem\Desktop\project
248 verbose gentlyRm don't care about contents; nuking C:\Users\Aqib Saleem\Desktop\project\node_modules\.staging\epoll-4ce85e18
249 silly gentlyRm C:\Users\Aqib Saleem\Desktop\project\node_modules\.staging\bindings-90aa5805 is being purged from base C:\Users\Aqib Saleem\Desktop\project
250 verbose gentlyRm don't care about contents; nuking C:\Users\Aqib Saleem\Desktop\project\node_modules\.staging\bindings-90aa5805
251 verbose tar unpack C:\Users\Aqib Saleem\AppData\Roaming\npm-cache\onoff\1.1.7\package.tgz
252 verbose tar unpacking to C:\Users\Aqib Saleem\Desktop\project\node_modules\.staging\onoff-0a2e55ec
253 silly gentlyRm C:\Users\Aqib Saleem\Desktop\project\node_modules\.staging\onoff-0a2e55ec is being purged
254 verbose gentlyRm don't care about contents; nuking C:\Users\Aqib Saleem\Desktop\project\node_modules\.staging\onoff-0a2e55ec
255 verbose tar unpack C:\Users\Aqib Saleem\AppData\Roaming\npm-cache\epoll\0.1.22\package.tgz
256 verbose tar unpacking to C:\Users\Aqib Saleem\Desktop\project\node_modules\.staging\epoll-4ce85e18
257 silly gentlyRm C:\Users\Aqib Saleem\Desktop\project\node_modules\.staging\epoll-4ce85e18 is being purged
258 verbose gentlyRm don't care about contents; nuking C:\Users\Aqib Saleem\Desktop\project\node_modules\.staging\epoll-4ce85e18
259 verbose tar unpack C:\Users\Aqib Saleem\AppData\Roaming\npm-cache\bindings\1.2.1\package.tgz
260 verbose tar unpacking to C:\Users\Aqib Saleem\Desktop\project\node_modules\.staging\bindings-90aa5805
261 silly gentlyRm C:\Users\Aqib Saleem\Desktop\project\node_modules\.staging\bindings-90aa5805 is being purged
262 verbose gentlyRm don't care about contents; nuking C:\Users\Aqib Saleem\Desktop\project\node_modules\.staging\bindings-90aa5805
263 silly gunzTarPerm modes [ '777', '666' ]
264 silly gunzTarPerm modes [ '777', '666' ]
265 silly gunzTarPerm modes [ '777', '666' ]
266 silly gunzTarPerm extractEntry package.json
267 silly gunzTarPerm modified mode [ 'package.json', 436, 438 ]
268 silly gunzTarPerm extractEntry package.json
269 silly gunzTarPerm modified mode [ 'package.json', 436, 438 ]
270 silly gunzTarPerm extractEntry package.json
271 silly gunzTarPerm modified mode [ 'package.json', 420, 438 ]
272 silly gunzTarPerm extractEntry .npmignore
273 silly gunzTarPerm modified mode [ '.npmignore', 436, 438 ]
274 silly gunzTarPerm extractEntry README.md
275 silly gunzTarPerm modified mode [ 'README.md', 436, 438 ]
276 silly gunzTarPerm extractEntry .npmignore
277 silly gunzTarPerm modified mode [ '.npmignore', 436, 438 ]
278 silly gunzTarPerm extractEntry README.md
279 silly gunzTarPerm modified mode [ 'README.md', 436, 438 ]
280 silly gunzTarPerm extractEntry README.md
281 silly gunzTarPerm modified mode [ 'README.md', 420, 438 ]
282 silly gunzTarPerm extractEntry bindings.js
283 silly gunzTarPerm modified mode [ 'bindings.js', 420, 438 ]
284 silly gunzTarPerm extractEntry LICENSE
285 silly gunzTarPerm modified mode [ 'LICENSE', 436, 438 ]
286 silly gunzTarPerm extractEntry epoll.js
287 silly gunzTarPerm modified mode [ 'epoll.js', 436, 438 ]
288 silly gunzTarPerm extractEntry History.md
289 silly gunzTarPerm modified mode [ 'History.md', 436, 438 ]
290 silly gunzTarPerm extractEntry binding.gyp
291 silly gunzTarPerm modified mode [ 'binding.gyp', 436, 438 ]
292 silly gunzTarPerm extractEntry example/interrupts-per-second/interrupts-per-second.js
293 silly gunzTarPerm modified mode [ 'example/interrupts-per-second/interrupts-per-second.js',
293 silly gunzTarPerm   436,
293 silly gunzTarPerm   438 ]
294 silly gunzTarPerm extractEntry example/interrupts-per-second/export
295 silly gunzTarPerm modified mode [ 'example/interrupts-per-second/export', 509, 511 ]
296 silly gunzTarPerm extractEntry example/interrupts-per-second/unexport
297 silly gunzTarPerm modified mode [ 'example/interrupts-per-second/unexport', 509, 511 ]
298 silly gunzTarPerm extractEntry example/watch-button/watch-button.js
299 silly gunzTarPerm modified mode [ 'example/watch-button/watch-button.js', 436, 438 ]
300 silly gunzTarPerm extractEntry example/watch-button/export
301 silly gunzTarPerm modified mode [ 'example/watch-button/export', 509, 511 ]
302 silly gunzTarPerm extractEntry example/watch-button/unexport
303 silly gunzTarPerm modified mode [ 'example/watch-button/unexport', 509, 511 ]
304 silly gunzTarPerm extractEntry src/epoll.cc
305 silly gunzTarPerm modified mode [ 'src/epoll.cc', 436, 438 ]
306 silly gunzTarPerm extractEntry src/epoll.h
307 silly gunzTarPerm modified mode [ 'src/epoll.h', 436, 438 ]
308 silly gunzTarPerm extractEntry test/brute-force-leak-check.js
309 silly gunzTarPerm modified mode [ 'test/brute-force-leak-check.js', 436, 438 ]
310 silly gunzTarPerm extractEntry test/do-almost-nothing.js
311 silly gunzTarPerm modified mode [ 'test/do-almost-nothing.js', 436, 438 ]
312 silly gunzTarPerm extractEntry test/do-nothing.js
313 silly gunzTarPerm modified mode [ 'test/do-nothing.js', 436, 438 ]
314 silly gunzTarPerm extractEntry test/no-gc-allowed.js
315 silly gunzTarPerm modified mode [ 'test/no-gc-allowed.js', 436, 438 ]
316 silly gunzTarPerm extractEntry test/closed.js
317 silly gunzTarPerm modified mode [ 'test/closed.js', 436, 438 ]
318 silly gunzTarPerm extractEntry test/performance-check.js
319 silly gunzTarPerm modified mode [ 'test/performance-check.js', 436, 438 ]
320 silly gunzTarPerm extractEntry test/util.js
321 silly gunzTarPerm modified mode [ 'test/util.js', 436, 438 ]
322 silly gunzTarPerm extractEntry test/two-shot.js
323 silly gunzTarPerm modified mode [ 'test/two-shot.js', 436, 438 ]
324 silly gunzTarPerm extractEntry test/verify-events.js
325 silly gunzTarPerm modified mode [ 'test/verify-events.js', 436, 438 ]
326 silly gunzTarPerm extractEntry test/one-shot.js
327 silly gunzTarPerm modified mode [ 'test/one-shot.js', 436, 438 ]
328 silly gunzTarPerm extractEntry test/run-tests
329 silly gunzTarPerm modified mode [ 'test/run-tests', 509, 511 ]
330 silly gunzTarPerm extractEntry LICENSE
331 silly gunzTarPerm modified mode [ 'LICENSE', 436, 438 ]
332 silly gunzTarPerm extractEntry onoff.js
333 silly gunzTarPerm modified mode [ 'onoff.js', 436, 438 ]
334 silly gunzTarPerm extractEntry History.md
335 silly gunzTarPerm modified mode [ 'History.md', 436, 438 ]
336 silly gunzTarPerm extractEntry examples/blink-led-async.js
337 silly gunzTarPerm modified mode [ 'examples/blink-led-async.js', 436, 438 ]
338 silly gunzTarPerm extractEntry examples/blink-led.js
339 silly gunzTarPerm modified mode [ 'examples/blink-led.js', 436, 438 ]
340 silly gunzTarPerm extractEntry examples/light-switch.js
341 silly gunzTarPerm modified mode [ 'examples/light-switch.js', 436, 438 ]
342 silly gunzTarPerm extractEntry examples/wait-for-interrupt.js
343 silly gunzTarPerm modified mode [ 'examples/wait-for-interrupt.js', 436, 438 ]
344 silly gunzTarPerm extractEntry examples/light-switch.png
345 silly gunzTarPerm modified mode [ 'examples/light-switch.png', 436, 438 ]
346 silly gentlyRm C:\Users\Aqib Saleem\Desktop\project\node_modules\.staging\bindings-90aa5805\node_modules is being purged
347 verbose gentlyRm don't care about contents; nuking C:\Users\Aqib Saleem\Desktop\project\node_modules\.staging\bindings-90aa5805\node_modules
348 silly gunzTarPerm extractEntry examples/mygpio-overlay.dts
349 silly gunzTarPerm modified mode [ 'examples/mygpio-overlay.dts', 436, 438 ]
350 silly gunzTarPerm extractEntry examples/run-examples
351 silly gunzTarPerm modified mode [ 'examples/run-examples', 509, 511 ]
352 silly gunzTarPerm extractEntry test/blink-led.js
353 silly gunzTarPerm modified mode [ 'test/blink-led.js', 436, 438 ]
354 silly gunzTarPerm extractEntry test/configure-and-check-input.js
355 silly gunzTarPerm modified mode [ 'test/configure-and-check-input.js', 436, 438 ]
356 silly gunzTarPerm extractEntry test/configure-and-check-output.js
357 silly gunzTarPerm modified mode [ 'test/configure-and-check-output.js', 436, 438 ]
358 silly gunzTarPerm extractEntry test/export-many-times.js
359 silly gunzTarPerm modified mode [ 'test/export-many-times.js', 436, 438 ]
360 silly gunzTarPerm extractEntry test/many-interrupts.js
361 silly gunzTarPerm modified mode [ 'test/many-interrupts.js', 436, 438 ]
362 silly gunzTarPerm extractEntry test/configure-and-check-active-low.js
363 silly gunzTarPerm modified mode [ 'test/configure-and-check-active-low.js', 436, 438 ]
364 silly gunzTarPerm extractEntry test/performance-interrupt.js
365 silly gunzTarPerm modified mode [ 'test/performance-interrupt.js', 436, 438 ]
366 silly gunzTarPerm extractEntry test/performance-sync.js
367 silly gunzTarPerm modified mode [ 'test/performance-sync.js', 436, 438 ]
368 silly gunzTarPerm extractEntry test/wait-for-interrupt.js
369 silly gunzTarPerm modified mode [ 'test/wait-for-interrupt.js', 436, 438 ]
370 silly gunzTarPerm extractEntry test/wait-for-many-interrupts.js
371 silly gunzTarPerm modified mode [ 'test/wait-for-many-interrupts.js', 436, 438 ]
372 silly gunzTarPerm extractEntry test/performance-async.js
373 silly gunzTarPerm modified mode [ 'test/performance-async.js', 436, 438 ]
374 silly gunzTarPerm extractEntry test/run-tests
375 silly gunzTarPerm modified mode [ 'test/run-tests', 509, 511 ]
376 silly gentlyRm C:\Users\Aqib Saleem\Desktop\project\node_modules\.staging\epoll-4ce85e18\node_modules is being purged
377 verbose gentlyRm don't care about contents; nuking C:\Users\Aqib Saleem\Desktop\project\node_modules\.staging\epoll-4ce85e18\node_modules
378 silly gentlyRm C:\Users\Aqib Saleem\Desktop\project\node_modules\.staging\onoff-0a2e55ec\node_modules is being purged
379 verbose gentlyRm don't care about contents; nuking C:\Users\Aqib Saleem\Desktop\project\node_modules\.staging\onoff-0a2e55ec\node_modules
380 silly doParallel preinstall 3
381 silly preinstall bindings@1.2.1 C:\Users\Aqib Saleem\Desktop\project\node_modules\.staging\bindings-90aa5805
382 info lifecycle bindings@1.2.1~preinstall: bindings@1.2.1
383 silly preinstall epoll@0.1.22 C:\Users\Aqib Saleem\Desktop\project\node_modules\.staging\epoll-4ce85e18
384 info lifecycle epoll@0.1.22~preinstall: epoll@0.1.22
385 silly preinstall onoff@1.1.7 C:\Users\Aqib Saleem\Desktop\project\node_modules\.staging\onoff-0a2e55ec
386 info lifecycle onoff@1.1.7~preinstall: onoff@1.1.7
387 silly lifecycle bindings@1.2.1~preinstall: no script for preinstall, continuing
388 silly lifecycle epoll@0.1.22~preinstall: no script for preinstall, continuing
389 silly lifecycle onoff@1.1.7~preinstall: no script for preinstall, continuing
390 silly doReverseSerial remove 0
391 silly doSerial move 0
392 silly doSerial finalize 3
393 silly finalize C:\Users\Aqib Saleem\Desktop\project\node_modules\bindings
394 silly finalize C:\Users\Aqib Saleem\Desktop\project\node_modules\epoll
395 silly finalize C:\Users\Aqib Saleem\Desktop\project\node_modules\onoff
396 silly doSerial build 3
397 silly build bindings@1.2.1
398 info linkStuff bindings@1.2.1
399 silly linkStuff bindings@1.2.1 has C:\Users\Aqib Saleem\Desktop\project\node_modules as its parent node_modules
400 verbose linkBins bindings@1.2.1
401 verbose linkMans bindings@1.2.1
402 silly build epoll@0.1.22
403 info linkStuff epoll@0.1.22
404 silly linkStuff epoll@0.1.22 has C:\Users\Aqib Saleem\Desktop\project\node_modules as its parent node_modules
405 verbose linkBins epoll@0.1.22
406 verbose linkMans epoll@0.1.22
407 silly build onoff@1.1.7
408 info linkStuff onoff@1.1.7
409 silly linkStuff onoff@1.1.7 has C:\Users\Aqib Saleem\Desktop\project\node_modules as its parent node_modules
410 verbose linkBins onoff@1.1.7
411 verbose linkMans onoff@1.1.7
412 silly doSerial global-link 0
413 silly doParallel update-linked 0
414 silly doSerial install 3
415 silly install bindings@1.2.1 C:\Users\Aqib Saleem\Desktop\project\node_modules\.staging\bindings-90aa5805
416 info lifecycle bindings@1.2.1~install: bindings@1.2.1
417 silly lifecycle bindings@1.2.1~install: no script for install, continuing
418 silly install epoll@0.1.22 C:\Users\Aqib Saleem\Desktop\project\node_modules\.staging\epoll-4ce85e18
419 info lifecycle epoll@0.1.22~install: epoll@0.1.22
420 verbose lifecycle epoll@0.1.22~install: unsafe-perm in lifecycle true
421 verbose lifecycle epoll@0.1.22~install: PATH: C:\Program Files\nodejs\node_modules\npm\bin\node-gyp-bin;C:\Users\Aqib Saleem\Desktop\project\node_modules\epoll\node_modules\.bin;C:\Users\Aqib Saleem\Desktop\project\node_modules\.bin;C:\WINDOWS\system32;C:\WINDOWS;C:\WINDOWS\System32\Wbem;C:\WINDOWS\System32\WindowsPowerShell\v1.0\;C:\Program Files\nodejs\;C:\Program Files\Git\cmd;C:\Users\Aqib Saleem\AppData\Local\Microsoft\WindowsApps;C:\Users\Aqib Saleem\AppData\Local\atom\bin;C:\Users\Aqib Saleem\AppData\Roaming\npm;
422 verbose lifecycle epoll@0.1.22~install: CWD: C:\Users\Aqib Saleem\Desktop\project\node_modules\epoll
423 silly lifecycle epoll@0.1.22~install: Args: [ '/d /s /c', 'node-gyp rebuild' ]
424 silly lifecycle epoll@0.1.22~install: Returned: code: 1  signal: null
425 info lifecycle epoll@0.1.22~install: Failed to exec install script
426 verbose unlock done using C:\Users\Aqib Saleem\AppData\Roaming\npm-cache\_locks\staging-3959a2bb6231e0cf.lock for C:\Users\Aqib Saleem\Desktop\project\node_modules\.staging
427 silly rollbackFailedOptional Starting
428 silly rollbackFailedOptional Finishing
429 silly runTopLevelLifecycles Finishing
430 silly install printInstalled
431 warn optional SKIPPING OPTIONAL DEPENDENCY: fsevents@^1.0.0 (node_modules\chokidar\node_modules\fsevents):
432 warn notsup SKIPPING OPTIONAL DEPENDENCY: Unsupported platform for fsevents@1.1.2: wanted {"os":"darwin","arch":"any"} (current: {"os":"win32","arch":"x64"})
433 verbose notsup SKIPPING OPTIONAL DEPENDENCY: Valid OS:    darwin
433 verbose notsup SKIPPING OPTIONAL DEPENDENCY: Valid Arch:  any
433 verbose notsup SKIPPING OPTIONAL DEPENDENCY: Actual OS:   win32
433 verbose notsup SKIPPING OPTIONAL DEPENDENCY: Actual Arch: x64
434 warn project@1.0.0 No repository field.
435 verbose If you need help, you may report this error at:
435 verbose     <https://github.com/npm/npm/issues>
436 verbose stack Error: epoll@0.1.22 install: `node-gyp rebuild`
436 verbose stack Exit status 1
436 verbose stack     at EventEmitter.<anonymous> (C:\Program Files\nodejs\node_modules\npm\lib\utils\lifecycle.js:255:16)
436 verbose stack     at emitTwo (events.js:106:13)
436 verbose stack     at EventEmitter.emit (events.js:191:7)
436 verbose stack     at ChildProcess.<anonymous> (C:\Program Files\nodejs\node_modules\npm\lib\utils\spawn.js:40:14)
436 verbose stack     at emitTwo (events.js:106:13)
436 verbose stack     at ChildProcess.emit (events.js:191:7)
436 verbose stack     at maybeClose (internal/child_process.js:891:16)
436 verbose stack     at Process.ChildProcess._handle.onexit (internal/child_process.js:226:5)
437 verbose pkgid epoll@0.1.22
438 verbose cwd C:\Users\Aqib Saleem\Desktop\project
439 error Windows_NT 10.0.15063
440 error argv "C:\\Program Files\\nodejs\\node.exe" "C:\\Program Files\\nodejs\\node_modules\\npm\\bin\\npm-cli.js" "install" "onoff"
441 error node v6.11.2
442 error npm  v3.10.10
443 error code ELIFECYCLE
444 error epoll@0.1.22 install: `node-gyp rebuild`
444 error Exit status 1
445 error Failed at the epoll@0.1.22 install script 'node-gyp rebuild'.
445 error Make sure you have the latest version of node.js and npm installed.
445 error If you do, this is most likely a problem with the epoll package,
445 error not with npm itself.
445 error Tell the author that this fails on your system:
445 error     node-gyp rebuild
445 error You can get information on how to open an issue for this project with:
445 error     npm bugs epoll
445 error Or if that isn't available, you can get their info via:
445 error     npm owner ls epoll
445 error There is likely additional logging output above.
446 verbose exit [ 1, true ]
